{
  "stats": {
    "suites": 1,
    "tests": 1,
    "passes": 1,
    "pending": 0,
    "failures": 0,
    "start": "2023-02-15T15:50:49.409Z",
    "end": "2023-02-15T15:51:01.082Z",
    "duration": 11673,
    "testsRegistered": 1,
    "passPercent": 100,
    "pendingPercent": 0,
    "other": 0,
    "hasOther": false,
    "skipped": 0,
    "hasSkipped": false
  },
  "results": [
    {
      "uuid": "6c89d916-7afd-4776-a9ae-2c40d530fcb3",
      "title": "",
      "fullFile": "cypress\\e2e\\testScripts\\VerifyBackToHomePage.cy.js",
      "file": "cypress\\e2e\\testScripts\\VerifyBackToHomePage.cy.js",
      "beforeHooks": [],
      "afterHooks": [],
      "tests": [],
      "suites": [
        {
          "uuid": "c5734166-30ff-4b49-994b-cbd033b8e863",
          "title": "Navigate back to home page",
          "fullFile": "",
          "file": "",
          "beforeHooks": [],
          "afterHooks": [],
          "tests": [
            {
              "title": "Navigate back to home page and open burger menu",
              "fullTitle": "Navigate back to home page Navigate back to home page and open burger menu",
              "timedOut": null,
              "duration": 9055,
              "state": "passed",
              "speed": "medium",
              "pass": true,
              "fail": false,
              "pending": false,
              "context": null,
              "code": "loginPage.login(this.LoginData.userName, this.LoginData.password);\nhomePage.addproduct(this.homePageData.productname);\nshoppingCartContainer.clickCart();\nshoppingCartContainer.selectCheckOut();\ncheckoutPage.enterUserInformation(this.checkoutPageData.firstName, this.checkoutPageData.lastName, this.checkoutPageData.postalCode);\ncheckoutPage.selectContinueButton();\noverviewPage.selectFinish();\ncompletePage.validateCompleteMessage(this.completePageData.completeText);\ncompletePage.selectBackHome();\nproductPage.validateProductPageTitle(this.ProductPageData.productText);\nproductPage.openBurgerMenu();",
              "err": {},
              "uuid": "cdf09bcd-0d50-4e66-88f3-1ae7be946082",
              "parentUUID": "c5734166-30ff-4b49-994b-cbd033b8e863",
              "isHook": false,
              "skipped": false
            }
          ],
          "suites": [],
          "passes": [
            "cdf09bcd-0d50-4e66-88f3-1ae7be946082"
          ],
          "failures": [],
          "pending": [],
          "skipped": [],
          "duration": 9055,
          "root": false,
          "rootEmpty": false,
          "_timeout": 2000
        }
      ],
      "passes": [],
      "failures": [],
      "pending": [],
      "skipped": [],
      "duration": 0,
      "root": true,
      "rootEmpty": true,
      "_timeout": 2000
    }
  ],
  "meta": {
    "mocha": {
      "version": "7.0.1"
    },
    "mochawesome": {
      "options": {
        "quiet": false,
        "reportFilename": "mochawesome",
        "saveHtml": false,
        "saveJson": true,
        "consoleReporter": "spec",
        "useInlineDiffs": false,
        "code": true
      },
      "version": "7.1.3"
    },
    "marge": {
      "options": {
        "chats": true,
        "overwrite": false,
        "html": false,
        "json": true,
        "reportDir": "cypress/reports"
      },
      "version": "6.2.0"
    }
  }
}