{
  "stats": {
    "suites": 1,
    "tests": 2,
    "passes": 2,
    "pending": 0,
    "failures": 0,
    "start": "2023-02-15T15:37:50.600Z",
    "end": "2023-02-15T15:37:56.644Z",
    "duration": 6044,
    "testsRegistered": 2,
    "passPercent": 100,
    "pendingPercent": 0,
    "other": 0,
    "hasOther": false,
    "skipped": 0,
    "hasSkipped": false
  },
  "results": [
    {
      "uuid": "6b2986db-71e1-45a9-b366-c6cf6d0be273",
      "title": "",
      "fullFile": "cypress\\e2e\\testScripts\\VerifyCartPage.cy.js",
      "file": "cypress\\e2e\\testScripts\\VerifyCartPage.cy.js",
      "beforeHooks": [],
      "afterHooks": [],
      "tests": [],
      "suites": [
        {
          "uuid": "9630264c-ec01-47e2-9d45-ab23e319dcfd",
          "title": "Verify YOUR CART's product list, then click the checkout button.",
          "fullFile": "",
          "file": "",
          "beforeHooks": [],
          "afterHooks": [],
          "tests": [
            {
              "title": "Select cart icon",
              "fullTitle": "Verify YOUR CART's product list, then click the checkout button. Select cart icon",
              "timedOut": null,
              "duration": 1759,
              "state": "passed",
              "speed": "fast",
              "pass": true,
              "fail": false,
              "pending": false,
              "context": null,
              "code": "loginPage.login(this.LoginData.userName, this.LoginData.password);\nhomePage.addproduct(this.homePageData.productname);\nshoppingCartContainer.clickCart();",
              "err": {},
              "uuid": "4ea96462-1ea6-4df8-b9d2-b36e17a8101a",
              "parentUUID": "9630264c-ec01-47e2-9d45-ab23e319dcfd",
              "isHook": false,
              "skipped": false
            },
            {
              "title": "Add product to the Cart and select checkout button",
              "fullTitle": "Verify YOUR CART's product list, then click the checkout button. Add product to the Cart and select checkout button",
              "timedOut": null,
              "duration": 2327,
              "state": "passed",
              "speed": "fast",
              "pass": true,
              "fail": false,
              "pending": false,
              "context": null,
              "code": "loginPage.login(this.LoginData.userName, this.LoginData.password);\nhomePage.addproduct(this.homePageData.productname);\nshoppingCartContainer.clickCart();\nshoppingCartContainer.validateYourCartProducts(this.homePageData.productname);\nshoppingCartContainer.selectCheckOut();",
              "err": {},
              "uuid": "8ab4a241-2657-4d2f-8d74-d82639bcefaa",
              "parentUUID": "9630264c-ec01-47e2-9d45-ab23e319dcfd",
              "isHook": false,
              "skipped": false
            }
          ],
          "suites": [],
          "passes": [
            "4ea96462-1ea6-4df8-b9d2-b36e17a8101a",
            "8ab4a241-2657-4d2f-8d74-d82639bcefaa"
          ],
          "failures": [],
          "pending": [],
          "skipped": [],
          "duration": 4086,
          "root": false,
          "rootEmpty": false,
          "_timeout": 2000
        }
      ],
      "passes": [],
      "failures": [],
      "pending": [],
      "skipped": [],
      "duration": 0,
      "root": true,
      "rootEmpty": true,
      "_timeout": 2000
    }
  ],
  "meta": {
    "mocha": {
      "version": "7.0.1"
    },
    "mochawesome": {
      "options": {
        "quiet": false,
        "reportFilename": "mochawesome",
        "saveHtml": false,
        "saveJson": true,
        "consoleReporter": "spec",
        "useInlineDiffs": false,
        "code": true
      },
      "version": "7.1.3"
    },
    "marge": {
      "options": {
        "chats": true,
        "overwrite": false,
        "html": false,
        "json": true,
        "reportDir": "cypress/reports"
      },
      "version": "6.2.0"
    }
  }
}