{
  "stats": {
    "suites": 1,
    "tests": 1,
    "passes": 1,
    "pending": 0,
    "failures": 0,
    "start": "2023-02-15T15:44:27.080Z",
    "end": "2023-02-15T15:44:32.065Z",
    "duration": 4985,
    "testsRegistered": 1,
    "passPercent": 100,
    "pendingPercent": 0,
    "other": 0,
    "hasOther": false,
    "skipped": 0,
    "hasSkipped": false
  },
  "results": [
    {
      "uuid": "82115958-7677-42cd-a361-54f0d3eca8cc",
      "title": "",
      "fullFile": "cypress\\e2e\\testScripts\\VerifyLoginPage.cy.js",
      "file": "cypress\\e2e\\testScripts\\VerifyLoginPage.cy.js",
      "beforeHooks": [],
      "afterHooks": [],
      "tests": [],
      "suites": [
        {
          "uuid": "65e6e8c7-7baa-4305-a35b-1cf6c5a25b3f",
          "title": "Login",
          "fullFile": "",
          "file": "",
          "beforeHooks": [],
          "afterHooks": [],
          "tests": [
            {
              "title": "Validate Login page",
              "fullTitle": "Login Validate Login page",
              "timedOut": null,
              "duration": 1923,
              "state": "passed",
              "speed": "fast",
              "pass": true,
              "fail": false,
              "pending": false,
              "context": null,
              "code": "login.login(this.LoginData.userName, this.LoginData.password);",
              "err": {},
              "uuid": "a5aeaf20-a630-4b94-9560-fd89def87454",
              "parentUUID": "65e6e8c7-7baa-4305-a35b-1cf6c5a25b3f",
              "isHook": false,
              "skipped": false
            }
          ],
          "suites": [],
          "passes": [
            "a5aeaf20-a630-4b94-9560-fd89def87454"
          ],
          "failures": [],
          "pending": [],
          "skipped": [],
          "duration": 1923,
          "root": false,
          "rootEmpty": false,
          "_timeout": 2000
        }
      ],
      "passes": [],
      "failures": [],
      "pending": [],
      "skipped": [],
      "duration": 0,
      "root": true,
      "rootEmpty": true,
      "_timeout": 2000
    }
  ],
  "meta": {
    "mocha": {
      "version": "7.0.1"
    },
    "mochawesome": {
      "options": {
        "quiet": false,
        "reportFilename": "mochawesome",
        "saveHtml": false,
        "saveJson": true,
        "consoleReporter": "spec",
        "useInlineDiffs": false,
        "code": true
      },
      "version": "7.1.3"
    },
    "marge": {
      "options": {
        "chats": true,
        "overwrite": false,
        "html": false,
        "json": true,
        "reportDir": "cypress/reports"
      },
      "version": "6.2.0"
    }
  }
}