{
  "stats": {
    "suites": 1,
    "tests": 1,
    "passes": 1,
    "pending": 0,
    "failures": 0,
    "start": "2023-02-15T15:58:39.883Z",
    "end": "2023-02-15T15:58:43.308Z",
    "duration": 3425,
    "testsRegistered": 1,
    "passPercent": 100,
    "pendingPercent": 0,
    "other": 0,
    "hasOther": false,
    "skipped": 0,
    "hasSkipped": false
  },
  "results": [
    {
      "uuid": "193b24e5-f76d-4d8b-b534-666293f18445",
      "title": "",
      "fullFile": "cypress\\e2e\\testScripts\\VerifyLoginPage.cy.js",
      "file": "cypress\\e2e\\testScripts\\VerifyLoginPage.cy.js",
      "beforeHooks": [],
      "afterHooks": [],
      "tests": [],
      "suites": [
        {
          "uuid": "97acd088-f373-4892-8753-04e3141fca48",
          "title": "Login",
          "fullFile": "",
          "file": "",
          "beforeHooks": [],
          "afterHooks": [],
          "tests": [
            {
              "title": "Validate Login page",
              "fullTitle": "Login Validate Login page",
              "timedOut": null,
              "duration": 1636,
              "state": "passed",
              "speed": "fast",
              "pass": true,
              "fail": false,
              "pending": false,
              "context": null,
              "code": "login.login(this.LoginData.userName, this.LoginData.password);",
              "err": {},
              "uuid": "226745b7-9a4f-4fe1-a44d-bfae4f04ef47",
              "parentUUID": "97acd088-f373-4892-8753-04e3141fca48",
              "isHook": false,
              "skipped": false
            }
          ],
          "suites": [],
          "passes": [
            "226745b7-9a4f-4fe1-a44d-bfae4f04ef47"
          ],
          "failures": [],
          "pending": [],
          "skipped": [],
          "duration": 1636,
          "root": false,
          "rootEmpty": false,
          "_timeout": 2000
        }
      ],
      "passes": [],
      "failures": [],
      "pending": [],
      "skipped": [],
      "duration": 0,
      "root": true,
      "rootEmpty": true,
      "_timeout": 2000
    }
  ],
  "meta": {
    "mocha": {
      "version": "7.0.1"
    },
    "mochawesome": {
      "options": {
        "quiet": false,
        "reportFilename": "mochawesome",
        "saveHtml": false,
        "saveJson": true,
        "consoleReporter": "spec",
        "useInlineDiffs": false,
        "code": true
      },
      "version": "7.1.3"
    },
    "marge": {
      "options": {
        "chats": true,
        "overwrite": false,
        "html": false,
        "json": true,
        "reportDir": "cypress/reports"
      },
      "version": "6.2.0"
    }
  }
}