{
  "stats": {
    "suites": 1,
    "tests": 1,
    "passes": 1,
    "pending": 0,
    "failures": 0,
    "start": "2023-02-15T15:42:45.073Z",
    "end": "2023-02-15T15:42:56.187Z",
    "duration": 11114,
    "testsRegistered": 1,
    "passPercent": 100,
    "pendingPercent": 0,
    "other": 0,
    "hasOther": false,
    "skipped": 0,
    "hasSkipped": false
  },
  "results": [
    {
      "uuid": "f950069e-f86e-4efa-b4ec-c0da5786fa10",
      "title": "",
      "fullFile": "cypress\\e2e\\testScripts\\VerifyBackToHomePage.cy.js",
      "file": "cypress\\e2e\\testScripts\\VerifyBackToHomePage.cy.js",
      "beforeHooks": [],
      "afterHooks": [],
      "tests": [],
      "suites": [
        {
          "uuid": "fa3e9174-c540-4e51-9103-07fea71b9a88",
          "title": "Navigate back to home page",
          "fullFile": "",
          "file": "",
          "beforeHooks": [],
          "afterHooks": [],
          "tests": [
            {
              "title": "Navigate back to home page and open burger menu",
              "fullTitle": "Navigate back to home page Navigate back to home page and open burger menu",
              "timedOut": null,
              "duration": 8194,
              "state": "passed",
              "speed": "medium",
              "pass": true,
              "fail": false,
              "pending": false,
              "context": null,
              "code": "loginPage.login(this.LoginData.userName, this.LoginData.password);\nhomePage.addproduct(this.homePageData.productname);\nshoppingCartContainer.clickCart();\nshoppingCartContainer.selectCheckOut();\ncheckoutPage.enterUserInformation(this.checkoutPageData.firstName, this.checkoutPageData.lastName, this.checkoutPageData.postalCode);\ncheckoutPage.selectContinueButton();\noverviewPage.selectFinish();\ncompletePage.validateCompleteMessage(this.completePageData.completeText);\ncompletePage.selectBackHome();\nproductPage.validateProductPageTitle(this.ProductPageData.productText);\nproductPage.openBurgerMenu();",
              "err": {},
              "uuid": "ed0ccebc-645d-46e9-8978-a3cd1cfd973e",
              "parentUUID": "fa3e9174-c540-4e51-9103-07fea71b9a88",
              "isHook": false,
              "skipped": false
            }
          ],
          "suites": [],
          "passes": [
            "ed0ccebc-645d-46e9-8978-a3cd1cfd973e"
          ],
          "failures": [],
          "pending": [],
          "skipped": [],
          "duration": 8194,
          "root": false,
          "rootEmpty": false,
          "_timeout": 2000
        }
      ],
      "passes": [],
      "failures": [],
      "pending": [],
      "skipped": [],
      "duration": 0,
      "root": true,
      "rootEmpty": true,
      "_timeout": 2000
    }
  ],
  "meta": {
    "mocha": {
      "version": "7.0.1"
    },
    "mochawesome": {
      "options": {
        "quiet": false,
        "reportFilename": "mochawesome",
        "saveHtml": false,
        "saveJson": true,
        "consoleReporter": "spec",
        "useInlineDiffs": false,
        "code": true
      },
      "version": "7.1.3"
    },
    "marge": {
      "options": {
        "chats": true,
        "overwrite": false,
        "html": false,
        "json": true,
        "reportDir": "cypress/reports"
      },
      "version": "6.2.0"
    }
  }
}