{
  "stats": {
    "suites": 1,
    "tests": 1,
    "passes": 0,
    "pending": 0,
    "failures": 1,
    "start": "2023-02-15T15:43:03.161Z",
    "end": "2023-02-15T15:43:18.570Z",
    "duration": 15409,
    "testsRegistered": 1,
    "passPercent": 0,
    "pendingPercent": 0,
    "other": 0,
    "hasOther": false,
    "skipped": 0,
    "hasSkipped": false
  },
  "results": [
    {
      "uuid": "630e1f64-50ce-44d7-a06a-074ad96def72",
      "title": "",
      "fullFile": "cypress\\e2e\\testScripts\\VerifyBurgerMenu.cy.js",
      "file": "cypress\\e2e\\testScripts\\VerifyBurgerMenu.cy.js",
      "beforeHooks": [],
      "afterHooks": [],
      "tests": [],
      "suites": [
        {
          "uuid": "e46c8693-36d6-4c9b-b807-de184c87b9b3",
          "title": "Burger Menu",
          "fullFile": "",
          "file": "",
          "beforeHooks": [],
          "afterHooks": [],
          "tests": [
            {
              "title": "Verify that the hamburger menu is open and the logo button is clicked.",
              "fullTitle": "Burger Menu Verify that the hamburger menu is open and the logo button is clicked.",
              "timedOut": null,
              "duration": 13353,
              "state": "failed",
              "speed": null,
              "pass": false,
              "fail": true,
              "pending": false,
              "context": null,
              "code": "loginPage.login(this.LoginData.userName, this.LoginData.password);\nhomePage.addproduct(this.homePageData.productname);\nshoppingCartContainer.clickCart();\nshoppingCartContainer.selectCheckOut();\n//checkoutPage.validateLandingPage();\ncheckoutPage.enterUserInformation(this.checkoutPageData.firstName, this.checkoutPageData.lastName, this.checkoutPageData.postalCode);\ncheckoutPage.selectContinueButton();\n//overviewPage.validateProductQuantity(this.overviewPageData.productQuantity);\n// overviewPage.calculateProductTotal();\noverviewPage.selectFinish();\ncompletePage.validateCompleteMessage(this.completePageData.completeText);\ncompletePage.selectBackHome();\n// productPage.validateProductPageTitle(this.ProductPageData.productText);\nproductPage.openBurgerMenu();\nburgerMenu.validateButgerMenuIsDisplayed(this.burgerMenuData.menuTitle);\ncy.wait(3000);\nburgerMenu.logOut();",
              "err": {
                "message": "CypressError: Timed out retrying after 4050ms: `cy.click()` failed because this element is not visible:\n\n`<a id=\"logout_sidebar_link\" class=\"bm-item menu-item\" href=\"#\" tabindex=\"0\" style=\"display: block;\">Logout</a>`\n\nThis element `<a#logout_sidebar_link.bm-item.menu-item>` is not visible because its parent `<div.bm-menu-wrap>` has CSS property: `display: none`\n\nFix this problem, or use `{force: true}` to disable error checking.\n\nhttps://on.cypress.io/element-cannot-be-interacted-with",
                "estack": "CypressError: Timed out retrying after 4050ms: `cy.click()` failed because this element is not visible:\n\n`<a id=\"logout_sidebar_link\" class=\"bm-item menu-item\" href=\"#\" tabindex=\"0\" style=\"display: block;\">Logout</a>`\n\nThis element `<a#logout_sidebar_link.bm-item.menu-item>` is not visible because its parent `<div.bm-menu-wrap>` has CSS property: `display: none`\n\nFix this problem, or use `{force: true}` to disable error checking.\n\nhttps://on.cypress.io/element-cannot-be-interacted-with\n    at runVisibilityCheck (https://www.saucedemo.com/__cypress/runner/cypress_runner.js:151903:66)\n    at Object.isStrictlyVisible (https://www.saucedemo.com/__cypress/runner/cypress_runner.js:151917:10)\n    at runAllChecks (https://www.saucedemo.com/__cypress/runner/cypress_runner.js:130555:26)\n    at retryActionability (https://www.saucedemo.com/__cypress/runner/cypress_runner.js:130623:16)\n    at tryCatcher (https://www.saucedemo.com/__cypress/runner/cypress_runner.js:8914:23)\n    at Function.Promise.attempt.Promise.try (https://www.saucedemo.com/__cypress/runner/cypress_runner.js:6188:29)\n    at whenStable (https://www.saucedemo.com/__cypress/runner/cypress_runner.js:146724:65)\n    at <unknown> (https://www.saucedemo.com/__cypress/runner/cypress_runner.js:146165:14)\n    at tryCatcher (https://www.saucedemo.com/__cypress/runner/cypress_runner.js:8914:23)\n    at Promise._settlePromiseFromHandler (https://www.saucedemo.com/__cypress/runner/cypress_runner.js:6849:31)\n    at Promise._settlePromise (https://www.saucedemo.com/__cypress/runner/cypress_runner.js:6906:18)\n    at Promise._settlePromise0 (https://www.saucedemo.com/__cypress/runner/cypress_runner.js:6951:10)\n    at Promise._settlePromises (https://www.saucedemo.com/__cypress/runner/cypress_runner.js:7031:18)\n    at Promise._fulfill (https://www.saucedemo.com/__cypress/runner/cypress_runner.js:6975:18)\n    at <unknown> (https://www.saucedemo.com/__cypress/runner/cypress_runner.js:8589:46)\nFrom Your Spec Code:\n    at BurgerMenuPage.logOut (webpack:///./cypress/pages/BurgerMenuPage.js:16:34)\n    at Context.eval (webpack:///./cypress/e2e/testScripts/VerifyBurgerMenu.cy.js:60:19)",
                "diff": null
              },
              "uuid": "6950fafd-2e6a-4252-a3c1-07c31405c23e",
              "parentUUID": "e46c8693-36d6-4c9b-b807-de184c87b9b3",
              "isHook": false,
              "skipped": false
            }
          ],
          "suites": [],
          "passes": [],
          "failures": [
            "6950fafd-2e6a-4252-a3c1-07c31405c23e"
          ],
          "pending": [],
          "skipped": [],
          "duration": 13353,
          "root": false,
          "rootEmpty": false,
          "_timeout": 2000
        }
      ],
      "passes": [],
      "failures": [],
      "pending": [],
      "skipped": [],
      "duration": 0,
      "root": true,
      "rootEmpty": true,
      "_timeout": 2000
    }
  ],
  "meta": {
    "mocha": {
      "version": "7.0.1"
    },
    "mochawesome": {
      "options": {
        "quiet": false,
        "reportFilename": "mochawesome",
        "saveHtml": false,
        "saveJson": true,
        "consoleReporter": "spec",
        "useInlineDiffs": false,
        "code": true
      },
      "version": "7.1.3"
    },
    "marge": {
      "options": {
        "chats": true,
        "overwrite": false,
        "html": false,
        "json": true,
        "reportDir": "cypress/reports"
      },
      "version": "6.2.0"
    }
  }
}