{
  "stats": {
    "suites": 1,
    "tests": 1,
    "passes": 1,
    "pending": 0,
    "failures": 0,
    "start": "2023-02-17T06:36:16.394Z",
    "end": "2023-02-17T06:36:26.228Z",
    "duration": 9834,
    "testsRegistered": 1,
    "passPercent": 100,
    "pendingPercent": 0,
    "other": 0,
    "hasOther": false,
    "skipped": 0,
    "hasSkipped": false
  },
  "results": [
    {
      "uuid": "014e23f2-213e-46ed-965c-b4ae9ae162f9",
      "title": "",
      "fullFile": "cypress\\e2e\\testScripts\\VerifyCheckoutOverviewPage.cy.js",
      "file": "cypress\\e2e\\testScripts\\VerifyCheckoutOverviewPage.cy.js",
      "beforeHooks": [],
      "afterHooks": [],
      "tests": [],
      "suites": [
        {
          "uuid": "e0ba8256-aacb-4b96-8c4a-07e236055426",
          "title": "Verify quantity and total",
          "fullFile": "",
          "file": "",
          "beforeHooks": [],
          "afterHooks": [],
          "tests": [
            {
              "title": "Validate the quantity and total cost of the products, then click on finish button",
              "fullTitle": "Verify quantity and total Validate the quantity and total cost of the products, then click on finish button",
              "timedOut": null,
              "duration": 6658,
              "state": "passed",
              "speed": "medium",
              "pass": true,
              "fail": false,
              "pending": false,
              "context": null,
              "code": "cy.clearCookies();\nloginPage.login(this.LoginData.userName, this.LoginData.password);\nhomePage.addproduct(this.homePageData.productname);\nshoppingCartContainer.clickCart();\nshoppingCartContainer.selectCheckOut();\ncheckoutPage.enterUserInformation(this.checkoutPageData.firstName, this.checkoutPageData.lastName, this.checkoutPageData.postalCode);\ncheckoutPage.selectContinueButton();\noverviewPage.validateOverviewPageProperties(this.overviewPageData.overviewText);\noverviewPage.validateProductQuantity(this.overviewPageData.productQuantity);\noverviewPage.calculateProductTotal();\noverviewPage.selectFinish();",
              "err": {},
              "uuid": "de934a9c-04b7-4d55-94e8-a1c69d99001d",
              "parentUUID": "e0ba8256-aacb-4b96-8c4a-07e236055426",
              "isHook": false,
              "skipped": false
            }
          ],
          "suites": [],
          "passes": [
            "de934a9c-04b7-4d55-94e8-a1c69d99001d"
          ],
          "failures": [],
          "pending": [],
          "skipped": [],
          "duration": 6658,
          "root": false,
          "rootEmpty": false,
          "_timeout": 2000
        }
      ],
      "passes": [],
      "failures": [],
      "pending": [],
      "skipped": [],
      "duration": 0,
      "root": true,
      "rootEmpty": true,
      "_timeout": 2000
    }
  ],
  "meta": {
    "mocha": {
      "version": "7.0.1"
    },
    "mochawesome": {
      "options": {
        "quiet": false,
        "reportFilename": "mochawesome",
        "saveHtml": false,
        "saveJson": true,
        "consoleReporter": "spec",
        "useInlineDiffs": false,
        "code": true
      },
      "version": "7.1.3"
    },
    "marge": {
      "options": {
        "chats": true,
        "overwrite": false,
        "html": false,
        "json": true,
        "reportDir": "cypress/reports"
      },
      "version": "6.2.0"
    }
  }
}