{
  "stats": {
    "suites": 1,
    "tests": 1,
    "passes": 1,
    "pending": 0,
    "failures": 0,
    "start": "2023-02-16T13:09:33.830Z",
    "end": "2023-02-16T13:09:39.071Z",
    "duration": 5241,
    "testsRegistered": 1,
    "passPercent": 100,
    "pendingPercent": 0,
    "other": 0,
    "hasOther": false,
    "skipped": 0,
    "hasSkipped": false
  },
  "results": [
    {
      "uuid": "11d428c1-9ca7-4d2c-b5d9-bfa668720d73",
      "title": "",
      "fullFile": "cypress\\e2e\\testScripts\\VerifyHomePage.cy.js",
      "file": "cypress\\e2e\\testScripts\\VerifyHomePage.cy.js",
      "beforeHooks": [],
      "afterHooks": [],
      "tests": [],
      "suites": [
        {
          "uuid": "6d2c30ec-7ee6-4743-899a-83a3f2edb671",
          "title": "Add products to the cart",
          "fullFile": "",
          "file": "",
          "beforeHooks": [],
          "afterHooks": [],
          "tests": [
            {
              "title": "Validate Home landing page after login",
              "fullTitle": "Add products to the cart Validate Home landing page after login",
              "timedOut": null,
              "duration": 2790,
              "state": "passed",
              "speed": "fast",
              "pass": true,
              "fail": false,
              "pending": false,
              "context": null,
              "code": "login.login(this.LoginData.userName, this.LoginData.password);\nhomePage.validateHomePageProperties();\nhomePage.addproduct(this.homePageData.productname);",
              "err": {},
              "uuid": "e00e2fb4-27e0-4a96-a64e-6d5f6da05a2a",
              "parentUUID": "6d2c30ec-7ee6-4743-899a-83a3f2edb671",
              "isHook": false,
              "skipped": false
            }
          ],
          "suites": [],
          "passes": [
            "e00e2fb4-27e0-4a96-a64e-6d5f6da05a2a"
          ],
          "failures": [],
          "pending": [],
          "skipped": [],
          "duration": 2790,
          "root": false,
          "rootEmpty": false,
          "_timeout": 2000
        }
      ],
      "passes": [],
      "failures": [],
      "pending": [],
      "skipped": [],
      "duration": 0,
      "root": true,
      "rootEmpty": true,
      "_timeout": 2000
    }
  ],
  "meta": {
    "mocha": {
      "version": "7.0.1"
    },
    "mochawesome": {
      "options": {
        "quiet": false,
        "reportFilename": "mochawesome",
        "saveHtml": false,
        "saveJson": true,
        "consoleReporter": "spec",
        "useInlineDiffs": false,
        "code": true
      },
      "version": "7.1.3"
    },
    "marge": {
      "options": {
        "chats": true,
        "overwrite": false,
        "html": false,
        "json": true,
        "reportDir": "cypress/reports"
      },
      "version": "6.2.0"
    }
  }
}