{
  "stats": {
    "suites": 1,
    "tests": 1,
    "passes": 1,
    "pending": 0,
    "failures": 0,
    "start": "2023-02-15T15:37:11.668Z",
    "end": "2023-02-15T15:37:24.638Z",
    "duration": 12970,
    "testsRegistered": 1,
    "passPercent": 100,
    "pendingPercent": 0,
    "other": 0,
    "hasOther": false,
    "skipped": 0,
    "hasSkipped": false
  },
  "results": [
    {
      "uuid": "d0d5bf37-22da-4cf9-988e-1097210d356d",
      "title": "",
      "fullFile": "cypress\\e2e\\testScripts\\VerifyBackToHomePage.cy.js",
      "file": "cypress\\e2e\\testScripts\\VerifyBackToHomePage.cy.js",
      "beforeHooks": [],
      "afterHooks": [],
      "tests": [],
      "suites": [
        {
          "uuid": "6518d611-4800-470a-933e-1d1f1a598ab6",
          "title": "Navigate back to home page",
          "fullFile": "",
          "file": "",
          "beforeHooks": [],
          "afterHooks": [],
          "tests": [
            {
              "title": "Navigate back to home page and open burger menu",
              "fullTitle": "Navigate back to home page Navigate back to home page and open burger menu",
              "timedOut": null,
              "duration": 9063,
              "state": "passed",
              "speed": "medium",
              "pass": true,
              "fail": false,
              "pending": false,
              "context": null,
              "code": "loginPage.login(this.LoginData.userName, this.LoginData.password);\nhomePage.addproduct(this.homePageData.productname);\nshoppingCartContainer.clickCart();\nshoppingCartContainer.selectCheckOut();\ncheckoutPage.enterUserInformation(this.checkoutPageData.firstName, this.checkoutPageData.lastName, this.checkoutPageData.postalCode);\ncheckoutPage.selectContinueButton();\noverviewPage.selectFinish();\ncompletePage.validateCompleteMessage(this.completePageData.completeText);\ncompletePage.selectBackHome();\nproductPage.validateProductPageTitle(this.ProductPageData.productText);\nproductPage.openBurgerMenu();",
              "err": {},
              "uuid": "e211b63f-355e-4fbb-9c66-55afb46663b8",
              "parentUUID": "6518d611-4800-470a-933e-1d1f1a598ab6",
              "isHook": false,
              "skipped": false
            }
          ],
          "suites": [],
          "passes": [
            "e211b63f-355e-4fbb-9c66-55afb46663b8"
          ],
          "failures": [],
          "pending": [],
          "skipped": [],
          "duration": 9063,
          "root": false,
          "rootEmpty": false,
          "_timeout": 2000
        }
      ],
      "passes": [],
      "failures": [],
      "pending": [],
      "skipped": [],
      "duration": 0,
      "root": true,
      "rootEmpty": true,
      "_timeout": 2000
    }
  ],
  "meta": {
    "mocha": {
      "version": "7.0.1"
    },
    "mochawesome": {
      "options": {
        "quiet": false,
        "reportFilename": "mochawesome",
        "saveHtml": false,
        "saveJson": true,
        "consoleReporter": "spec",
        "useInlineDiffs": false,
        "code": true
      },
      "version": "7.1.3"
    },
    "marge": {
      "options": {
        "chats": true,
        "overwrite": false,
        "html": false,
        "json": true,
        "reportDir": "cypress/reports"
      },
      "version": "6.2.0"
    }
  }
}