{
  "stats": {
    "suites": 1,
    "tests": 1,
    "passes": 1,
    "pending": 0,
    "failures": 0,
    "start": "2023-02-17T06:35:20.411Z",
    "end": "2023-02-17T06:35:33.619Z",
    "duration": 13208,
    "testsRegistered": 1,
    "passPercent": 100,
    "pendingPercent": 0,
    "other": 0,
    "hasOther": false,
    "skipped": 0,
    "hasSkipped": false
  },
  "results": [
    {
      "uuid": "924d411f-ddfe-4ba5-bf7f-39ed0537f668",
      "title": "",
      "fullFile": "cypress\\e2e\\testScripts\\VerifyBackToHomePage.cy.js",
      "file": "cypress\\e2e\\testScripts\\VerifyBackToHomePage.cy.js",
      "beforeHooks": [],
      "afterHooks": [],
      "tests": [],
      "suites": [
        {
          "uuid": "74ac6a7c-f399-4287-9654-d39699a818f7",
          "title": "Navigate back to home page",
          "fullFile": "",
          "file": "",
          "beforeHooks": [],
          "afterHooks": [],
          "tests": [
            {
              "title": "Navigate back to home page",
              "fullTitle": "Navigate back to home page Navigate back to home page",
              "timedOut": null,
              "duration": 9403,
              "state": "passed",
              "speed": "medium",
              "pass": true,
              "fail": false,
              "pending": false,
              "context": null,
              "code": "loginPage.login(this.LoginData.userName, this.LoginData.password);\nhomePage.addproduct(this.homePageData.productname);\nshoppingCartContainer.clickCart();\nshoppingCartContainer.selectCheckOut();\ncheckoutPage.enterUserInformation(this.checkoutPageData.firstName, this.checkoutPageData.lastName, this.checkoutPageData.postalCode);\ncheckoutPage.selectContinueButton();\noverviewPage.selectFinish();\ncompletePage.selectBackHome();\nproductPage.validateProductPageTitle(this.ProductPageData.productText);",
              "err": {},
              "uuid": "e56cc4a8-246a-4f19-8b48-0d84114b6da3",
              "parentUUID": "74ac6a7c-f399-4287-9654-d39699a818f7",
              "isHook": false,
              "skipped": false
            }
          ],
          "suites": [],
          "passes": [
            "e56cc4a8-246a-4f19-8b48-0d84114b6da3"
          ],
          "failures": [],
          "pending": [],
          "skipped": [],
          "duration": 9403,
          "root": false,
          "rootEmpty": false,
          "_timeout": 2000
        }
      ],
      "passes": [],
      "failures": [],
      "pending": [],
      "skipped": [],
      "duration": 0,
      "root": true,
      "rootEmpty": true,
      "_timeout": 2000
    }
  ],
  "meta": {
    "mocha": {
      "version": "7.0.1"
    },
    "mochawesome": {
      "options": {
        "quiet": false,
        "reportFilename": "mochawesome",
        "saveHtml": false,
        "saveJson": true,
        "consoleReporter": "spec",
        "useInlineDiffs": false,
        "code": true
      },
      "version": "7.1.3"
    },
    "marge": {
      "options": {
        "chats": true,
        "overwrite": false,
        "html": false,
        "json": true,
        "reportDir": "cypress/reports"
      },
      "version": "6.2.0"
    }
  }
}