{
  "stats": {
    "suites": 1,
    "tests": 2,
    "passes": 2,
    "pending": 0,
    "failures": 0,
    "start": "2023-02-15T15:57:34.886Z",
    "end": "2023-02-15T15:57:40.735Z",
    "duration": 5849,
    "testsRegistered": 2,
    "passPercent": 100,
    "pendingPercent": 0,
    "other": 0,
    "hasOther": false,
    "skipped": 0,
    "hasSkipped": false
  },
  "results": [
    {
      "uuid": "9c61424c-7d09-46f9-9c79-4540a3bf4094",
      "title": "",
      "fullFile": "cypress\\e2e\\testScripts\\VerifyCartPage.cy.js",
      "file": "cypress\\e2e\\testScripts\\VerifyCartPage.cy.js",
      "beforeHooks": [],
      "afterHooks": [],
      "tests": [],
      "suites": [
        {
          "uuid": "2fc54473-395c-480c-8062-f4d0ce199e34",
          "title": "Verify YOUR CART's product list, then click the checkout button.",
          "fullFile": "",
          "file": "",
          "beforeHooks": [],
          "afterHooks": [],
          "tests": [
            {
              "title": "Select cart icon",
              "fullTitle": "Verify YOUR CART's product list, then click the checkout button. Select cart icon",
              "timedOut": null,
              "duration": 1850,
              "state": "passed",
              "speed": "fast",
              "pass": true,
              "fail": false,
              "pending": false,
              "context": null,
              "code": "loginPage.login(this.LoginData.userName, this.LoginData.password);\nhomePage.addproduct(this.homePageData.productname);\nshoppingCartContainer.clickCart();",
              "err": {},
              "uuid": "7438fd9f-178b-4fa7-a14b-e4a643087c8a",
              "parentUUID": "2fc54473-395c-480c-8062-f4d0ce199e34",
              "isHook": false,
              "skipped": false
            },
            {
              "title": "Add product to the Cart and select checkout button",
              "fullTitle": "Verify YOUR CART's product list, then click the checkout button. Add product to the Cart and select checkout button",
              "timedOut": null,
              "duration": 2041,
              "state": "passed",
              "speed": "fast",
              "pass": true,
              "fail": false,
              "pending": false,
              "context": null,
              "code": "loginPage.login(this.LoginData.userName, this.LoginData.password);\nhomePage.addproduct(this.homePageData.productname);\nshoppingCartContainer.clickCart();\nshoppingCartContainer.validateYourCartProducts(this.homePageData.productname);\nshoppingCartContainer.selectCheckOut();",
              "err": {},
              "uuid": "2123b6f7-8e26-4689-bff4-b6e3fc2746a3",
              "parentUUID": "2fc54473-395c-480c-8062-f4d0ce199e34",
              "isHook": false,
              "skipped": false
            }
          ],
          "suites": [],
          "passes": [
            "7438fd9f-178b-4fa7-a14b-e4a643087c8a",
            "2123b6f7-8e26-4689-bff4-b6e3fc2746a3"
          ],
          "failures": [],
          "pending": [],
          "skipped": [],
          "duration": 3891,
          "root": false,
          "rootEmpty": false,
          "_timeout": 2000
        }
      ],
      "passes": [],
      "failures": [],
      "pending": [],
      "skipped": [],
      "duration": 0,
      "root": true,
      "rootEmpty": true,
      "_timeout": 2000
    }
  ],
  "meta": {
    "mocha": {
      "version": "7.0.1"
    },
    "mochawesome": {
      "options": {
        "quiet": false,
        "reportFilename": "mochawesome",
        "saveHtml": false,
        "saveJson": true,
        "consoleReporter": "spec",
        "useInlineDiffs": false,
        "code": true
      },
      "version": "7.1.3"
    },
    "marge": {
      "options": {
        "chats": true,
        "overwrite": false,
        "html": false,
        "json": true,
        "reportDir": "cypress/reports"
      },
      "version": "6.2.0"
    }
  }
}