{
  "stats": {
    "suites": 1,
    "tests": 1,
    "passes": 0,
    "pending": 0,
    "failures": 1,
    "start": "2023-02-15T15:18:57.098Z",
    "end": "2023-02-15T15:19:06.530Z",
    "duration": 9432,
    "testsRegistered": 1,
    "passPercent": 0,
    "pendingPercent": 0,
    "other": 0,
    "hasOther": false,
    "skipped": 0,
    "hasSkipped": false
  },
  "results": [
    {
      "uuid": "7db4eccd-dcb3-46e1-a1cb-af6c8a11a528",
      "title": "",
      "fullFile": "cypress\\e2e\\testScripts\\VerifyCheckoutOverviewPage.cy.js",
      "file": "cypress\\e2e\\testScripts\\VerifyCheckoutOverviewPage.cy.js",
      "beforeHooks": [],
      "afterHooks": [],
      "tests": [],
      "suites": [
        {
          "uuid": "63c98af7-5842-4c95-8208-e18cd4d27193",
          "title": "Verify the number of quantity and the total cost of the chosen item.",
          "fullFile": "",
          "file": "",
          "beforeHooks": [],
          "afterHooks": [],
          "tests": [
            {
              "title": "Validate the quantity and total cost of the products and click on finish button",
              "fullTitle": "Verify the number of quantity and the total cost of the chosen item. Validate the quantity and total cost of the products and click on finish button",
              "timedOut": null,
              "duration": 7125,
              "state": "failed",
              "speed": null,
              "pass": false,
              "fail": true,
              "pending": false,
              "context": null,
              "code": "cy.clearCookies();\nloginPage.login(this.LoginData.userName, this.LoginData.password);\nhomePage.addproduct(this.homePageData.productname);\nshoppingCartContainer.clickCart();\nshoppingCartContainer.selectCheckOut();\ncheckoutPage.validateLandingPage();\ncheckoutPage.enterUserInformation(this.checkoutPageData.firstName, this.checkoutPageData.lastName, this.checkoutPageData.postalCode);\ncheckoutPage.selectContinueButton();\noverviewPage.validateProductQuantity(this.overviewPageData.productQuantity);\noverviewPage.calculateProductTotal();\noverviewPage.selectFinish();",
              "err": {
                "message": "SyntaxError: Cannot convert 29.99 to a BigInt",
                "estack": "SyntaxError: Cannot convert 29.99 to a BigInt\n    at BigInt (<anonymous>)\n    at Context.eval (webpack:///./cypress/pages/CheckoutOverviewPage.js:40:52)",
                "diff": null
              },
              "uuid": "f4bec65c-f1ee-41a4-a00a-3094257b01a5",
              "parentUUID": "63c98af7-5842-4c95-8208-e18cd4d27193",
              "isHook": false,
              "skipped": false
            }
          ],
          "suites": [],
          "passes": [],
          "failures": [
            "f4bec65c-f1ee-41a4-a00a-3094257b01a5"
          ],
          "pending": [],
          "skipped": [],
          "duration": 7125,
          "root": false,
          "rootEmpty": false,
          "_timeout": 2000
        }
      ],
      "passes": [],
      "failures": [],
      "pending": [],
      "skipped": [],
      "duration": 0,
      "root": true,
      "rootEmpty": true,
      "_timeout": 2000
    }
  ],
  "meta": {
    "mocha": {
      "version": "7.0.1"
    },
    "mochawesome": {
      "options": {
        "quiet": false,
        "reportFilename": "mochawesome",
        "saveHtml": false,
        "saveJson": true,
        "consoleReporter": "spec",
        "useInlineDiffs": false,
        "code": true
      },
      "version": "7.1.3"
    },
    "marge": {
      "options": {
        "chats": true,
        "overwrite": false,
        "html": false,
        "json": true,
        "reportDir": "cypress/reports"
      },
      "version": "6.2.0"
    }
  }
}