{
  "stats": {
    "suites": 1,
    "tests": 1,
    "passes": 1,
    "pending": 0,
    "failures": 0,
    "start": "2023-02-15T15:50:11.565Z",
    "end": "2023-02-15T15:50:28.751Z",
    "duration": 17186,
    "testsRegistered": 1,
    "passPercent": 100,
    "pendingPercent": 0,
    "other": 0,
    "hasOther": false,
    "skipped": 0,
    "hasSkipped": false
  },
  "results": [
    {
      "uuid": "86a1a0da-f649-4c5c-833a-235f3516cc92",
      "title": "",
      "fullFile": "cypress\\e2e\\testScripts\\VerifyBurgerMenu.cy.js",
      "file": "cypress\\e2e\\testScripts\\VerifyBurgerMenu.cy.js",
      "beforeHooks": [],
      "afterHooks": [],
      "tests": [],
      "suites": [
        {
          "uuid": "84e2b58a-493d-4391-be58-7cb6b6740ff5",
          "title": "Burger Menu",
          "fullFile": "",
          "file": "",
          "beforeHooks": [],
          "afterHooks": [],
          "tests": [
            {
              "title": "Verify that the hamburger menu is open and the logo button is clicked.",
              "fullTitle": "Burger Menu Verify that the hamburger menu is open and the logo button is clicked.",
              "timedOut": null,
              "duration": 12581,
              "state": "passed",
              "speed": "slow",
              "pass": true,
              "fail": false,
              "pending": false,
              "context": null,
              "code": "loginPage.login(this.LoginData.userName, this.LoginData.password);\nhomePage.addproduct(this.homePageData.productname);\nshoppingCartContainer.clickCart();\nshoppingCartContainer.selectCheckOut();\n//checkoutPage.validateLandingPage();\ncheckoutPage.enterUserInformation(this.checkoutPageData.firstName, this.checkoutPageData.lastName, this.checkoutPageData.postalCode);\ncheckoutPage.selectContinueButton();\n//overviewPage.validateProductQuantity(this.overviewPageData.productQuantity);\n// overviewPage.calculateProductTotal();\noverviewPage.selectFinish();\ncompletePage.validateCompleteMessage(this.completePageData.completeText);\ncompletePage.selectBackHome();\n// productPage.validateProductPageTitle(this.ProductPageData.productText);\nproductPage.openBurgerMenu();\ncy.wait(3000);\nburgerMenu.validateButgerMenuIsDisplayed(this.burgerMenuData.menuTitle);\nburgerMenu.logOut();",
              "err": {},
              "uuid": "6116a5b9-9122-4da9-9e9a-e6943e21a076",
              "parentUUID": "84e2b58a-493d-4391-be58-7cb6b6740ff5",
              "isHook": false,
              "skipped": false
            }
          ],
          "suites": [],
          "passes": [
            "6116a5b9-9122-4da9-9e9a-e6943e21a076"
          ],
          "failures": [],
          "pending": [],
          "skipped": [],
          "duration": 12581,
          "root": false,
          "rootEmpty": false,
          "_timeout": 2000
        }
      ],
      "passes": [],
      "failures": [],
      "pending": [],
      "skipped": [],
      "duration": 0,
      "root": true,
      "rootEmpty": true,
      "_timeout": 2000
    }
  ],
  "meta": {
    "mocha": {
      "version": "7.0.1"
    },
    "mochawesome": {
      "options": {
        "quiet": false,
        "reportFilename": "mochawesome",
        "saveHtml": false,
        "saveJson": true,
        "consoleReporter": "spec",
        "useInlineDiffs": false,
        "code": true
      },
      "version": "7.1.3"
    },
    "marge": {
      "options": {
        "chats": true,
        "overwrite": false,
        "html": false,
        "json": true,
        "reportDir": "cypress/reports"
      },
      "version": "6.2.0"
    }
  }
}