{
  "stats": {
    "suites": 1,
    "tests": 2,
    "passes": 2,
    "pending": 0,
    "failures": 0,
    "start": "2023-02-15T15:44:04.143Z",
    "end": "2023-02-15T15:44:11.072Z",
    "duration": 6929,
    "testsRegistered": 2,
    "passPercent": 100,
    "pendingPercent": 0,
    "other": 0,
    "hasOther": false,
    "skipped": 0,
    "hasSkipped": false
  },
  "results": [
    {
      "uuid": "bd4bbc1e-813e-4ca5-8e59-2dba8c1de254",
      "title": "",
      "fullFile": "cypress\\e2e\\testScripts\\VerifyCheckoutPage.cy.js",
      "file": "cypress\\e2e\\testScripts\\VerifyCheckoutPage.cy.js",
      "beforeHooks": [],
      "afterHooks": [],
      "tests": [],
      "suites": [
        {
          "uuid": "1348571a-f31f-4282-b7ff-74d42e76ae85",
          "title": "Provide user information in YOUR INFORMATION page",
          "fullFile": "",
          "file": "",
          "beforeHooks": [],
          "afterHooks": [],
          "tests": [
            {
              "title": "Validate landing page after selecting checkout button",
              "fullTitle": "Provide user information in YOUR INFORMATION page Validate landing page after selecting checkout button",
              "timedOut": null,
              "duration": 1845,
              "state": "passed",
              "speed": "fast",
              "pass": true,
              "fail": false,
              "pending": false,
              "context": null,
              "code": "loginPage.login(this.LoginData.userName, this.LoginData.password);\nhomePage.addproduct(this.homePageData.productname);\nshoppingCartContainer.clickCart();\nshoppingCartContainer.selectCheckOut();\ncheckoutPage.validateLandingPage();",
              "err": {},
              "uuid": "c0ff8aa9-d847-4a30-afdd-2cb2325e91e1",
              "parentUUID": "1348571a-f31f-4282-b7ff-74d42e76ae85",
              "isHook": false,
              "skipped": false
            },
            {
              "title": "Enter user information and Select continue button",
              "fullTitle": "Provide user information in YOUR INFORMATION page Enter user information and Select continue button",
              "timedOut": null,
              "duration": 3134,
              "state": "passed",
              "speed": "fast",
              "pass": true,
              "fail": false,
              "pending": false,
              "context": null,
              "code": "//cy.clearCookies();\nloginPage.login(this.LoginData.userName, this.LoginData.password);\nhomePage.addproduct(this.homePageData.productname);\nshoppingCartContainer.clickCart();\nshoppingCartContainer.selectCheckOut();\ncheckoutPage.validateLandingPage();\ncheckoutPage.enterUserInformation(this.checkoutPageData.firstName, this.checkoutPageData.lastName, this.checkoutPageData.postalCode);\ncheckoutPage.selectContinueButton();",
              "err": {},
              "uuid": "e67fcb7e-67b6-4c74-be86-c8c68c816084",
              "parentUUID": "1348571a-f31f-4282-b7ff-74d42e76ae85",
              "isHook": false,
              "skipped": false
            }
          ],
          "suites": [],
          "passes": [
            "c0ff8aa9-d847-4a30-afdd-2cb2325e91e1",
            "e67fcb7e-67b6-4c74-be86-c8c68c816084"
          ],
          "failures": [],
          "pending": [],
          "skipped": [],
          "duration": 4979,
          "root": false,
          "rootEmpty": false,
          "_timeout": 2000
        }
      ],
      "passes": [],
      "failures": [],
      "pending": [],
      "skipped": [],
      "duration": 0,
      "root": true,
      "rootEmpty": true,
      "_timeout": 2000
    }
  ],
  "meta": {
    "mocha": {
      "version": "7.0.1"
    },
    "mochawesome": {
      "options": {
        "quiet": false,
        "reportFilename": "mochawesome",
        "saveHtml": false,
        "saveJson": true,
        "consoleReporter": "spec",
        "useInlineDiffs": false,
        "code": true
      },
      "version": "7.1.3"
    },
    "marge": {
      "options": {
        "chats": true,
        "overwrite": false,
        "html": false,
        "json": true,
        "reportDir": "cypress/reports"
      },
      "version": "6.2.0"
    }
  }
}