{
  "stats": {
    "suites": 1,
    "tests": 1,
    "passes": 1,
    "pending": 0,
    "failures": 0,
    "start": "2023-02-16T13:09:44.590Z",
    "end": "2023-02-16T13:09:49.151Z",
    "duration": 4561,
    "testsRegistered": 1,
    "passPercent": 100,
    "pendingPercent": 0,
    "other": 0,
    "hasOther": false,
    "skipped": 0,
    "hasSkipped": false
  },
  "results": [
    {
      "uuid": "e4341936-c926-4624-be5b-3b5076f01d17",
      "title": "",
      "fullFile": "cypress\\e2e\\testScripts\\VerifyLoginPage.cy.js",
      "file": "cypress\\e2e\\testScripts\\VerifyLoginPage.cy.js",
      "beforeHooks": [],
      "afterHooks": [],
      "tests": [],
      "suites": [
        {
          "uuid": "3bf0974e-6ef8-47db-813a-3cb16aaa4776",
          "title": "Login",
          "fullFile": "",
          "file": "",
          "beforeHooks": [],
          "afterHooks": [],
          "tests": [
            {
              "title": "Validate Login page",
              "fullTitle": "Login Validate Login page",
              "timedOut": null,
              "duration": 2297,
              "state": "passed",
              "speed": "fast",
              "pass": true,
              "fail": false,
              "pending": false,
              "context": null,
              "code": "login.validateloginPageProperties();\nlogin.login(this.LoginData.userName, this.LoginData.password);",
              "err": {},
              "uuid": "1bc3c989-02db-4d21-a35a-0c5b0b27f1f7",
              "parentUUID": "3bf0974e-6ef8-47db-813a-3cb16aaa4776",
              "isHook": false,
              "skipped": false
            }
          ],
          "suites": [],
          "passes": [
            "1bc3c989-02db-4d21-a35a-0c5b0b27f1f7"
          ],
          "failures": [],
          "pending": [],
          "skipped": [],
          "duration": 2297,
          "root": false,
          "rootEmpty": false,
          "_timeout": 2000
        }
      ],
      "passes": [],
      "failures": [],
      "pending": [],
      "skipped": [],
      "duration": 0,
      "root": true,
      "rootEmpty": true,
      "_timeout": 2000
    }
  ],
  "meta": {
    "mocha": {
      "version": "7.0.1"
    },
    "mochawesome": {
      "options": {
        "quiet": false,
        "reportFilename": "mochawesome",
        "saveHtml": false,
        "saveJson": true,
        "consoleReporter": "spec",
        "useInlineDiffs": false,
        "code": true
      },
      "version": "7.1.3"
    },
    "marge": {
      "options": {
        "chats": true,
        "overwrite": false,
        "html": false,
        "json": true,
        "reportDir": "cypress/reports"
      },
      "version": "6.2.0"
    }
  }
}