{
  "stats": {
    "suites": 1,
    "tests": 1,
    "passes": 1,
    "pending": 0,
    "failures": 0,
    "start": "2023-02-15T15:08:48.189Z",
    "end": "2023-02-15T15:09:01.095Z",
    "duration": 12906,
    "testsRegistered": 1,
    "passPercent": 100,
    "pendingPercent": 0,
    "other": 0,
    "hasOther": false,
    "skipped": 0,
    "hasSkipped": false
  },
  "results": [
    {
      "uuid": "2fd7cb2e-cfd8-4af0-8407-39b640ac46c4",
      "title": "",
      "fullFile": "cypress\\e2e\\testScripts\\VerifyCheckoutOverviewPage.cy.js",
      "file": "cypress\\e2e\\testScripts\\VerifyCheckoutOverviewPage.cy.js",
      "beforeHooks": [],
      "afterHooks": [],
      "tests": [],
      "suites": [
        {
          "uuid": "59b21716-2e5c-4cf1-b3c4-7191379dac65",
          "title": "Verify the number of quantity and the total cost of the chosen item.",
          "fullFile": "",
          "file": "",
          "beforeHooks": [],
          "afterHooks": [],
          "tests": [
            {
              "title": "Validate the quantity and total cost of the products and click on finish button",
              "fullTitle": "Verify the number of quantity and the total cost of the chosen item. Validate the quantity and total cost of the products and click on finish button",
              "timedOut": null,
              "duration": 8326,
              "state": "passed",
              "speed": "medium",
              "pass": true,
              "fail": false,
              "pending": false,
              "context": null,
              "code": "cy.clearCookies();\nloginPage.login(this.LoginData.userName, this.LoginData.password);\nhomePage.addproduct(this.homePageData.productname);\nshoppingCartContainer.clickCart();\nshoppingCartContainer.selectCheckOut();\ncheckoutPage.validateLandingPage();\ncheckoutPage.enterUserInformation(this.checkoutPageData.firstName, this.checkoutPageData.lastName, this.checkoutPageData.postalCode);\ncheckoutPage.selectContinueButton();\noverviewPage.validateProductQuantity(this.overviewPageData.productQuantity);\noverviewPage.calculateProductTotal();\noverviewPage.selectFinish();",
              "err": {},
              "uuid": "bdd60490-65df-4c41-a806-980daff20ca2",
              "parentUUID": "59b21716-2e5c-4cf1-b3c4-7191379dac65",
              "isHook": false,
              "skipped": false
            }
          ],
          "suites": [],
          "passes": [
            "bdd60490-65df-4c41-a806-980daff20ca2"
          ],
          "failures": [],
          "pending": [],
          "skipped": [],
          "duration": 8326,
          "root": false,
          "rootEmpty": false,
          "_timeout": 2000
        }
      ],
      "passes": [],
      "failures": [],
      "pending": [],
      "skipped": [],
      "duration": 0,
      "root": true,
      "rootEmpty": true,
      "_timeout": 2000
    }
  ],
  "meta": {
    "mocha": {
      "version": "7.0.1"
    },
    "mochawesome": {
      "options": {
        "quiet": false,
        "reportFilename": "mochawesome",
        "saveHtml": false,
        "saveJson": true,
        "consoleReporter": "spec",
        "useInlineDiffs": false,
        "code": true
      },
      "version": "7.1.3"
    },
    "marge": {
      "options": {
        "chats": true,
        "overwrite": false,
        "html": false,
        "json": true,
        "reportDir": "cypress/reports"
      },
      "version": "6.2.0"
    }
  }
}