{
  "stats": {
    "suites": 1,
    "tests": 2,
    "passes": 2,
    "pending": 0,
    "failures": 0,
    "start": "2023-02-15T14:10:59.083Z",
    "end": "2023-02-15T14:11:06.139Z",
    "duration": 7056,
    "testsRegistered": 2,
    "passPercent": 100,
    "pendingPercent": 0,
    "other": 0,
    "hasOther": false,
    "skipped": 0,
    "hasSkipped": false
  },
  "results": [
    {
      "uuid": "4aa2bcef-e0a0-4d20-837d-7316384575f3",
      "title": "",
      "fullFile": "cypress\\e2e\\testScripts\\VerifyCheckoutPage.cy.js",
      "file": "cypress\\e2e\\testScripts\\VerifyCheckoutPage.cy.js",
      "beforeHooks": [],
      "afterHooks": [],
      "tests": [],
      "suites": [
        {
          "uuid": "7b7b22b8-383a-4854-9bd2-56ffaf9c9783",
          "title": "Provide user information in YOUR INFORMATION page",
          "fullFile": "",
          "file": "",
          "beforeHooks": [],
          "afterHooks": [],
          "tests": [
            {
              "title": "Validate landing page after selecting checkout button",
              "fullTitle": "Provide user information in YOUR INFORMATION page Validate landing page after selecting checkout button",
              "timedOut": null,
              "duration": 2076,
              "state": "passed",
              "speed": "fast",
              "pass": true,
              "fail": false,
              "pending": false,
              "context": null,
              "code": "loginPage.login(this.LoginData.userName, this.LoginData.password);\nhomePage.addproduct(this.homePageData.productname);\nshoppingCartContainer.clickCart();\nshoppingCartContainer.selectCheckOut();\ncheckoutPage.validateLandingPage();",
              "err": {},
              "uuid": "a15ff506-9d97-48be-b678-b3f47d9433ab",
              "parentUUID": "7b7b22b8-383a-4854-9bd2-56ffaf9c9783",
              "isHook": false,
              "skipped": false
            },
            {
              "title": "Enter user information and Select continue button",
              "fullTitle": "Provide user information in YOUR INFORMATION page Enter user information and Select continue button",
              "timedOut": null,
              "duration": 2966,
              "state": "passed",
              "speed": "fast",
              "pass": true,
              "fail": false,
              "pending": false,
              "context": null,
              "code": "//cy.clearCookies();\nloginPage.login(this.LoginData.userName, this.LoginData.password);\nhomePage.addproduct(this.homePageData.productname);\nshoppingCartContainer.clickCart();\nshoppingCartContainer.selectCheckOut();\ncheckoutPage.validateLandingPage();\ncheckoutPage.enterUserInformation(this.checkoutPageData.firstName, this.checkoutPageData.lastName, this.checkoutPageData.postalCode);\ncheckoutPage.selectContinueButton();",
              "err": {},
              "uuid": "38e77f04-f0c4-4fd8-af83-06b6b9d0ed8c",
              "parentUUID": "7b7b22b8-383a-4854-9bd2-56ffaf9c9783",
              "isHook": false,
              "skipped": false
            }
          ],
          "suites": [],
          "passes": [
            "a15ff506-9d97-48be-b678-b3f47d9433ab",
            "38e77f04-f0c4-4fd8-af83-06b6b9d0ed8c"
          ],
          "failures": [],
          "pending": [],
          "skipped": [],
          "duration": 5042,
          "root": false,
          "rootEmpty": false,
          "_timeout": 2000
        }
      ],
      "passes": [],
      "failures": [],
      "pending": [],
      "skipped": [],
      "duration": 0,
      "root": true,
      "rootEmpty": true,
      "_timeout": 2000
    }
  ],
  "meta": {
    "mocha": {
      "version": "7.0.1"
    },
    "mochawesome": {
      "options": {
        "quiet": false,
        "reportFilename": "mochawesome",
        "saveHtml": false,
        "saveJson": true,
        "consoleReporter": "spec",
        "useInlineDiffs": false,
        "code": true
      },
      "version": "7.1.3"
    },
    "marge": {
      "options": {
        "chats": true,
        "overwrite": false,
        "html": false,
        "json": true,
        "reportDir": "cypress/reports"
      },
      "version": "6.2.0"
    }
  }
}