{
  "stats": {
    "suites": 1,
    "tests": 1,
    "passes": 1,
    "pending": 0,
    "failures": 0,
    "start": "2023-02-17T06:35:58.823Z",
    "end": "2023-02-17T06:36:08.960Z",
    "duration": 10137,
    "testsRegistered": 1,
    "passPercent": 100,
    "pendingPercent": 0,
    "other": 0,
    "hasOther": false,
    "skipped": 0,
    "hasSkipped": false
  },
  "results": [
    {
      "uuid": "36874e36-7efe-4dd6-b4fb-7f808d8fd42d",
      "title": "",
      "fullFile": "cypress\\e2e\\testScripts\\VerifyCheckoutCompletePage.cy.js",
      "file": "cypress\\e2e\\testScripts\\VerifyCheckoutCompletePage.cy.js",
      "beforeHooks": [],
      "afterHooks": [],
      "tests": [],
      "suites": [
        {
          "uuid": "b0b2ecb5-acd1-4138-b0fe-6da7cf88f55e",
          "title": "Verify the checkout completion page's order success message.",
          "fullFile": "",
          "file": "",
          "beforeHooks": [],
          "afterHooks": [],
          "tests": [
            {
              "title": "Verify the success message and select 'Back Home' button",
              "fullTitle": "Verify the checkout completion page's order success message. Verify the success message and select 'Back Home' button",
              "timedOut": null,
              "duration": 7016,
              "state": "passed",
              "speed": "medium",
              "pass": true,
              "fail": false,
              "pending": false,
              "context": null,
              "code": "loginPage.login(this.LoginData.userName, this.LoginData.password);\nhomePage.addproduct(this.homePageData.productname);\nshoppingCartContainer.clickCart();\nshoppingCartContainer.selectCheckOut();\ncheckoutPage.enterUserInformation(this.checkoutPageData.firstName, this.checkoutPageData.lastName, this.checkoutPageData.postalCode);\ncheckoutPage.selectContinueButton();\noverviewPage.calculateProductTotal();\noverviewPage.selectFinish();\ncompletePage.validateCompleteMessage(this.completePageData.completeText);\ncompletePage.selectBackHome();",
              "err": {},
              "uuid": "cc52b488-6fec-4df6-bfa4-b2a64373a4e2",
              "parentUUID": "b0b2ecb5-acd1-4138-b0fe-6da7cf88f55e",
              "isHook": false,
              "skipped": false
            }
          ],
          "suites": [],
          "passes": [
            "cc52b488-6fec-4df6-bfa4-b2a64373a4e2"
          ],
          "failures": [],
          "pending": [],
          "skipped": [],
          "duration": 7016,
          "root": false,
          "rootEmpty": false,
          "_timeout": 2000
        }
      ],
      "passes": [],
      "failures": [],
      "pending": [],
      "skipped": [],
      "duration": 0,
      "root": true,
      "rootEmpty": true,
      "_timeout": 2000
    }
  ],
  "meta": {
    "mocha": {
      "version": "7.0.1"
    },
    "mochawesome": {
      "options": {
        "quiet": false,
        "reportFilename": "mochawesome",
        "saveHtml": false,
        "saveJson": true,
        "consoleReporter": "spec",
        "useInlineDiffs": false,
        "code": true
      },
      "version": "7.1.3"
    },
    "marge": {
      "options": {
        "chats": true,
        "overwrite": false,
        "html": false,
        "json": true,
        "reportDir": "cypress/reports"
      },
      "version": "6.2.0"
    }
  }
}