{
  "stats": {
    "suites": 1,
    "tests": 2,
    "passes": 2,
    "pending": 0,
    "failures": 0,
    "start": "2023-02-15T15:38:45.043Z",
    "end": "2023-02-15T15:38:50.620Z",
    "duration": 5577,
    "testsRegistered": 2,
    "passPercent": 100,
    "pendingPercent": 0,
    "other": 0,
    "hasOther": false,
    "skipped": 0,
    "hasSkipped": false
  },
  "results": [
    {
      "uuid": "10a281b2-4c1a-4e20-bfc6-4690bd535d9f",
      "title": "",
      "fullFile": "cypress\\e2e\\testScripts\\VerifyHomePage.cy.js",
      "file": "cypress\\e2e\\testScripts\\VerifyHomePage.cy.js",
      "beforeHooks": [],
      "afterHooks": [],
      "tests": [],
      "suites": [
        {
          "uuid": "0299d539-6133-40bb-af91-c8d580dffbfe",
          "title": "Add products to the cart",
          "fullFile": "",
          "file": "",
          "beforeHooks": [],
          "afterHooks": [],
          "tests": [
            {
              "title": "Validate Home landing page after login",
              "fullTitle": "Add products to the cart Validate Home landing page after login",
              "timedOut": null,
              "duration": 1360,
              "state": "passed",
              "speed": "fast",
              "pass": true,
              "fail": false,
              "pending": false,
              "context": null,
              "code": "login.login(this.LoginData.userName, this.LoginData.password);\nhomePage.validateHomePage();",
              "err": {},
              "uuid": "8e6c8989-6a57-49a3-9894-133d972a62ce",
              "parentUUID": "0299d539-6133-40bb-af91-c8d580dffbfe",
              "isHook": false,
              "skipped": false
            },
            {
              "title": "Add product to cart",
              "fullTitle": "Add products to the cart Add product to cart",
              "timedOut": null,
              "duration": 2207,
              "state": "passed",
              "speed": "fast",
              "pass": true,
              "fail": false,
              "pending": false,
              "context": null,
              "code": "login.login(this.LoginData.userName, this.LoginData.password);\n//cy.Login(this.LoginData.userName, this.LoginData.password); \nhomePage.addproduct(this.homePageData.productname);",
              "err": {},
              "uuid": "bf8b24bc-c923-4872-ba2f-320b215b5c31",
              "parentUUID": "0299d539-6133-40bb-af91-c8d580dffbfe",
              "isHook": false,
              "skipped": false
            }
          ],
          "suites": [],
          "passes": [
            "8e6c8989-6a57-49a3-9894-133d972a62ce",
            "bf8b24bc-c923-4872-ba2f-320b215b5c31"
          ],
          "failures": [],
          "pending": [],
          "skipped": [],
          "duration": 3567,
          "root": false,
          "rootEmpty": false,
          "_timeout": 2000
        }
      ],
      "passes": [],
      "failures": [],
      "pending": [],
      "skipped": [],
      "duration": 0,
      "root": true,
      "rootEmpty": true,
      "_timeout": 2000
    }
  ],
  "meta": {
    "mocha": {
      "version": "7.0.1"
    },
    "mochawesome": {
      "options": {
        "quiet": false,
        "reportFilename": "mochawesome",
        "saveHtml": false,
        "saveJson": true,
        "consoleReporter": "spec",
        "useInlineDiffs": false,
        "code": true
      },
      "version": "7.1.3"
    },
    "marge": {
      "options": {
        "chats": true,
        "overwrite": false,
        "html": false,
        "json": true,
        "reportDir": "cypress/reports"
      },
      "version": "6.2.0"
    }
  }
}