{
  "stats": {
    "suites": 1,
    "tests": 1,
    "passes": 1,
    "pending": 0,
    "failures": 0,
    "start": "2023-02-15T15:39:05.896Z",
    "end": "2023-02-15T15:39:14.463Z",
    "duration": 8567,
    "testsRegistered": 1,
    "passPercent": 100,
    "pendingPercent": 0,
    "other": 0,
    "hasOther": false,
    "skipped": 0,
    "hasSkipped": false
  },
  "results": [
    {
      "uuid": "3a0e1399-d12d-47ca-87eb-99c15ee29906",
      "title": "",
      "fullFile": "cypress\\e2e\\testScripts\\VerifyLogout.cy.js",
      "file": "cypress\\e2e\\testScripts\\VerifyLogout.cy.js",
      "beforeHooks": [],
      "afterHooks": [],
      "tests": [],
      "suites": [
        {
          "uuid": "a0def2b7-bff7-46ba-9727-58cd6cdbde57",
          "title": "Logout",
          "fullFile": "",
          "file": "",
          "beforeHooks": [],
          "afterHooks": [],
          "tests": [
            {
              "title": "Validate logout",
              "fullTitle": "Logout Validate logout",
              "timedOut": null,
              "duration": 6504,
              "state": "passed",
              "speed": "medium",
              "pass": true,
              "fail": false,
              "pending": false,
              "context": null,
              "code": "loginPage.login(this.LoginData.userName, this.LoginData.password);\nhomePage.addproduct(this.homePageData.productname);\nshoppingCartContainer.clickCart();\nshoppingCartContainer.selectCheckOut();\ncheckoutPage.enterUserInformation(this.checkoutPageData.firstName, this.checkoutPageData.lastName, this.checkoutPageData.postalCode);\ncheckoutPage.selectContinueButton();\noverviewPage.selectFinish();\ncompletePage.validateCompleteMessage(this.completePageData.completeText);\ncompletePage.selectBackHome();\nproductPage.openBurgerMenu();\nburgerMenu.validateButgerMenuIsDisplayed(this.burgerMenuData.menuTitle);\nburgerMenu.logOut();\nlogout.verifyLogoutlandingPage();",
              "err": {},
              "uuid": "44f5446e-64c1-46c1-8f2e-f988d22252c6",
              "parentUUID": "a0def2b7-bff7-46ba-9727-58cd6cdbde57",
              "isHook": false,
              "skipped": false
            }
          ],
          "suites": [],
          "passes": [
            "44f5446e-64c1-46c1-8f2e-f988d22252c6"
          ],
          "failures": [],
          "pending": [],
          "skipped": [],
          "duration": 6504,
          "root": false,
          "rootEmpty": false,
          "_timeout": 2000
        }
      ],
      "passes": [],
      "failures": [],
      "pending": [],
      "skipped": [],
      "duration": 0,
      "root": true,
      "rootEmpty": true,
      "_timeout": 2000
    }
  ],
  "meta": {
    "mocha": {
      "version": "7.0.1"
    },
    "mochawesome": {
      "options": {
        "quiet": false,
        "reportFilename": "mochawesome",
        "saveHtml": false,
        "saveJson": true,
        "consoleReporter": "spec",
        "useInlineDiffs": false,
        "code": true
      },
      "version": "7.1.3"
    },
    "marge": {
      "options": {
        "chats": true,
        "overwrite": false,
        "html": false,
        "json": true,
        "reportDir": "cypress/reports"
      },
      "version": "6.2.0"
    }
  }
}