{
  "stats": {
    "suites": 1,
    "tests": 1,
    "passes": 1,
    "pending": 0,
    "failures": 0,
    "start": "2023-02-17T06:35:45.141Z",
    "end": "2023-02-17T06:35:51.652Z",
    "duration": 6511,
    "testsRegistered": 1,
    "passPercent": 100,
    "pendingPercent": 0,
    "other": 0,
    "hasOther": false,
    "skipped": 0,
    "hasSkipped": false
  },
  "results": [
    {
      "uuid": "5b5aed83-2a4d-48d9-b348-5b769b8225bc",
      "title": "",
      "fullFile": "cypress\\e2e\\testScripts\\VerifyCartPage.cy.js",
      "file": "cypress\\e2e\\testScripts\\VerifyCartPage.cy.js",
      "beforeHooks": [],
      "afterHooks": [],
      "tests": [],
      "suites": [
        {
          "uuid": "4ac22b1b-77b8-4a47-8bfc-13a1b0611335",
          "title": "Verify YOUR CART's product list, then click the checkout button.",
          "fullFile": "",
          "file": "",
          "beforeHooks": [],
          "afterHooks": [],
          "tests": [
            {
              "title": "Validate the product list",
              "fullTitle": "Verify YOUR CART's product list, then click the checkout button. Validate the product list",
              "timedOut": null,
              "duration": 3896,
              "state": "passed",
              "speed": "fast",
              "pass": true,
              "fail": false,
              "pending": false,
              "context": null,
              "code": "loginPage.login(this.LoginData.userName, this.LoginData.password);\nhomePage.addproduct(this.homePageData.productname);\nshoppingCartContainer.clickCart();\nshoppingCartContainer.validateYourCartProducts(this.homePageData.productname);\nshoppingCartContainer.selectCheckOut();",
              "err": {},
              "uuid": "e42d0da7-2a3d-4447-bf17-7767778ff685",
              "parentUUID": "4ac22b1b-77b8-4a47-8bfc-13a1b0611335",
              "isHook": false,
              "skipped": false
            }
          ],
          "suites": [],
          "passes": [
            "e42d0da7-2a3d-4447-bf17-7767778ff685"
          ],
          "failures": [],
          "pending": [],
          "skipped": [],
          "duration": 3896,
          "root": false,
          "rootEmpty": false,
          "_timeout": 2000
        }
      ],
      "passes": [],
      "failures": [],
      "pending": [],
      "skipped": [],
      "duration": 0,
      "root": true,
      "rootEmpty": true,
      "_timeout": 2000
    }
  ],
  "meta": {
    "mocha": {
      "version": "7.0.1"
    },
    "mochawesome": {
      "options": {
        "quiet": false,
        "reportFilename": "mochawesome",
        "saveHtml": false,
        "saveJson": true,
        "consoleReporter": "spec",
        "useInlineDiffs": false,
        "code": true
      },
      "version": "7.1.3"
    },
    "marge": {
      "options": {
        "chats": true,
        "overwrite": false,
        "html": false,
        "json": true,
        "reportDir": "cypress/reports"
      },
      "version": "6.2.0"
    }
  }
}