{
  "stats": {
    "suites": 1,
    "tests": 1,
    "passes": 1,
    "pending": 0,
    "failures": 0,
    "start": "2023-02-15T14:09:58.267Z",
    "end": "2023-02-15T14:10:09.444Z",
    "duration": 11177,
    "testsRegistered": 1,
    "passPercent": 100,
    "pendingPercent": 0,
    "other": 0,
    "hasOther": false,
    "skipped": 0,
    "hasSkipped": false
  },
  "results": [
    {
      "uuid": "3960d998-79a9-43f5-aacc-267d8eaf6725",
      "title": "",
      "fullFile": "cypress\\e2e\\testScripts\\VerifyBurgerMenu.cy.js",
      "file": "cypress\\e2e\\testScripts\\VerifyBurgerMenu.cy.js",
      "beforeHooks": [],
      "afterHooks": [],
      "tests": [],
      "suites": [
        {
          "uuid": "43f4cc7d-a72e-423b-a5ed-c362578ed49a",
          "title": "Burger Menu",
          "fullFile": "",
          "file": "",
          "beforeHooks": [],
          "afterHooks": [],
          "tests": [
            {
              "title": "Verify that the hamburger menu is open and the logo button is clicked.",
              "fullTitle": "Burger Menu Verify that the hamburger menu is open and the logo button is clicked.",
              "timedOut": null,
              "duration": 8981,
              "state": "passed",
              "speed": "medium",
              "pass": true,
              "fail": false,
              "pending": false,
              "context": null,
              "code": "loginPage.login(this.LoginData.userName, this.LoginData.password);\nhomePage.addproduct(this.homePageData.productname);\nshoppingCartContainer.clickCart();\nshoppingCartContainer.selectCheckOut();\n//checkoutPage.validateLandingPage();\ncheckoutPage.enterUserInformation(this.checkoutPageData.firstName, this.checkoutPageData.lastName, this.checkoutPageData.postalCode);\ncheckoutPage.selectContinueButton();\n//overviewPage.validateProductQuantity(this.overviewPageData.productQuantity);\n// overviewPage.calculateProductTotal();\noverviewPage.selectFinish();\ncompletePage.validateCompleteMessage(this.completePageData.completeText);\ncompletePage.selectBackHome();\n// productPage.validateProductPageTitle(this.ProductPageData.productText);\nproductPage.openBurgerMenu();\nburgerMenu.validateButgerMenuIsDisplayed(this.burgerMenuData.menuTitle);\ncy.wait(3000);\nburgerMenu.logOut();",
              "err": {},
              "uuid": "7a14728d-cf1e-4536-b2da-1b43d1654f44",
              "parentUUID": "43f4cc7d-a72e-423b-a5ed-c362578ed49a",
              "isHook": false,
              "skipped": false
            }
          ],
          "suites": [],
          "passes": [
            "7a14728d-cf1e-4536-b2da-1b43d1654f44"
          ],
          "failures": [],
          "pending": [],
          "skipped": [],
          "duration": 8981,
          "root": false,
          "rootEmpty": false,
          "_timeout": 2000
        }
      ],
      "passes": [],
      "failures": [],
      "pending": [],
      "skipped": [],
      "duration": 0,
      "root": true,
      "rootEmpty": true,
      "_timeout": 2000
    }
  ],
  "meta": {
    "mocha": {
      "version": "7.0.1"
    },
    "mochawesome": {
      "options": {
        "quiet": false,
        "reportFilename": "mochawesome",
        "saveHtml": false,
        "saveJson": true,
        "consoleReporter": "spec",
        "useInlineDiffs": false,
        "code": true
      },
      "version": "7.1.3"
    },
    "marge": {
      "options": {
        "chats": true,
        "overwrite": false,
        "html": false,
        "json": true,
        "reportDir": "cypress/reports"
      },
      "version": "6.2.0"
    }
  }
}