{
  "stats": {
    "suites": 1,
    "tests": 1,
    "passes": 1,
    "pending": 0,
    "failures": 0,
    "start": "2023-02-15T15:43:51.026Z",
    "end": "2023-02-15T15:43:58.325Z",
    "duration": 7299,
    "testsRegistered": 1,
    "passPercent": 100,
    "pendingPercent": 0,
    "other": 0,
    "hasOther": false,
    "skipped": 0,
    "hasSkipped": false
  },
  "results": [
    {
      "uuid": "3f615e80-1175-4c14-93ba-76613b1464a8",
      "title": "",
      "fullFile": "cypress\\e2e\\testScripts\\VerifyCheckoutOverviewPage.cy.js",
      "file": "cypress\\e2e\\testScripts\\VerifyCheckoutOverviewPage.cy.js",
      "beforeHooks": [],
      "afterHooks": [],
      "tests": [],
      "suites": [
        {
          "uuid": "30179508-4cfa-449c-876b-819255173c37",
          "title": "Verify the number of quantity and the total cost of the chosen item.",
          "fullFile": "",
          "file": "",
          "beforeHooks": [],
          "afterHooks": [],
          "tests": [
            {
              "title": "Validate the quantity and total cost of the products and click on finish button",
              "fullTitle": "Verify the number of quantity and the total cost of the chosen item. Validate the quantity and total cost of the products and click on finish button",
              "timedOut": null,
              "duration": 5111,
              "state": "passed",
              "speed": "medium",
              "pass": true,
              "fail": false,
              "pending": false,
              "context": null,
              "code": "cy.clearCookies();\nloginPage.login(this.LoginData.userName, this.LoginData.password);\nhomePage.addproduct(this.homePageData.productname);\nshoppingCartContainer.clickCart();\nshoppingCartContainer.selectCheckOut();\ncheckoutPage.validateLandingPage();\ncheckoutPage.enterUserInformation(this.checkoutPageData.firstName, this.checkoutPageData.lastName, this.checkoutPageData.postalCode);\ncheckoutPage.selectContinueButton();\noverviewPage.validateProductQuantity(this.overviewPageData.productQuantity);\noverviewPage.calculateProductTotal();\noverviewPage.selectFinish();",
              "err": {},
              "uuid": "9b415ce9-4351-4f4b-b660-35fa2f50f083",
              "parentUUID": "30179508-4cfa-449c-876b-819255173c37",
              "isHook": false,
              "skipped": false
            }
          ],
          "suites": [],
          "passes": [
            "9b415ce9-4351-4f4b-b660-35fa2f50f083"
          ],
          "failures": [],
          "pending": [],
          "skipped": [],
          "duration": 5111,
          "root": false,
          "rootEmpty": false,
          "_timeout": 2000
        }
      ],
      "passes": [],
      "failures": [],
      "pending": [],
      "skipped": [],
      "duration": 0,
      "root": true,
      "rootEmpty": true,
      "_timeout": 2000
    }
  ],
  "meta": {
    "mocha": {
      "version": "7.0.1"
    },
    "mochawesome": {
      "options": {
        "quiet": false,
        "reportFilename": "mochawesome",
        "saveHtml": false,
        "saveJson": true,
        "consoleReporter": "spec",
        "useInlineDiffs": false,
        "code": true
      },
      "version": "7.1.3"
    },
    "marge": {
      "options": {
        "chats": true,
        "overwrite": false,
        "html": false,
        "json": true,
        "reportDir": "cypress/reports"
      },
      "version": "6.2.0"
    }
  }
}