{
  "stats": {
    "suites": 1,
    "tests": 2,
    "passes": 2,
    "pending": 0,
    "failures": 0,
    "start": "2023-02-15T13:10:21.746Z",
    "end": "2023-02-15T13:10:27.811Z",
    "duration": 6065,
    "testsRegistered": 2,
    "passPercent": 100,
    "pendingPercent": 0,
    "other": 0,
    "hasOther": false,
    "skipped": 0,
    "hasSkipped": false
  },
  "results": [
    {
      "uuid": "e88855df-f103-4a4a-8165-e482df22637b",
      "title": "",
      "fullFile": "cypress\\e2e\\testScripts\\VerifyCartPage.cy.js",
      "file": "cypress\\e2e\\testScripts\\VerifyCartPage.cy.js",
      "beforeHooks": [],
      "afterHooks": [],
      "tests": [],
      "suites": [
        {
          "uuid": "c12745bb-1192-4b9b-9e0b-d4d2a976f719",
          "title": "Verify YOUR CART's product list, then click the checkout button.",
          "fullFile": "",
          "file": "",
          "beforeHooks": [],
          "afterHooks": [],
          "tests": [
            {
              "title": "Select cart icon",
              "fullTitle": "Verify YOUR CART's product list, then click the checkout button. Select cart icon",
              "timedOut": null,
              "duration": 2097,
              "state": "passed",
              "speed": "fast",
              "pass": true,
              "fail": false,
              "pending": false,
              "context": null,
              "code": "loginPage.login(this.LoginData.userName, this.LoginData.password);\nhomePage.addproduct(this.homePageData.productname);\nshoppingCartContainer.clickCart();",
              "err": {},
              "uuid": "6605c22e-3c44-493f-b834-1a136a3bd5cd",
              "parentUUID": "c12745bb-1192-4b9b-9e0b-d4d2a976f719",
              "isHook": false,
              "skipped": false
            },
            {
              "title": "Add product to the Cart and select checkout button",
              "fullTitle": "Verify YOUR CART's product list, then click the checkout button. Add product to the Cart and select checkout button",
              "timedOut": null,
              "duration": 1911,
              "state": "passed",
              "speed": "fast",
              "pass": true,
              "fail": false,
              "pending": false,
              "context": null,
              "code": "loginPage.login(this.LoginData.userName, this.LoginData.password);\nhomePage.addproduct(this.homePageData.productname);\nshoppingCartContainer.clickCart();\nshoppingCartContainer.validateYourCartProducts(this.homePageData.productname);\nshoppingCartContainer.selectCheckOut();",
              "err": {},
              "uuid": "a773cd5e-5e96-4859-ae25-e307c9715a6a",
              "parentUUID": "c12745bb-1192-4b9b-9e0b-d4d2a976f719",
              "isHook": false,
              "skipped": false
            }
          ],
          "suites": [],
          "passes": [
            "6605c22e-3c44-493f-b834-1a136a3bd5cd",
            "a773cd5e-5e96-4859-ae25-e307c9715a6a"
          ],
          "failures": [],
          "pending": [],
          "skipped": [],
          "duration": 4008,
          "root": false,
          "rootEmpty": false,
          "_timeout": 2000
        }
      ],
      "passes": [],
      "failures": [],
      "pending": [],
      "skipped": [],
      "duration": 0,
      "root": true,
      "rootEmpty": true,
      "_timeout": 2000
    }
  ],
  "meta": {
    "mocha": {
      "version": "7.0.1"
    },
    "mochawesome": {
      "options": {
        "quiet": false,
        "reportFilename": "mochawesome",
        "saveHtml": false,
        "saveJson": true,
        "consoleReporter": "spec",
        "useInlineDiffs": false,
        "code": true
      },
      "version": "7.1.3"
    },
    "marge": {
      "options": {
        "chats": true,
        "overwrite": false,
        "html": false,
        "json": true,
        "reportDir": "cypress/reports"
      },
      "version": "6.2.0"
    }
  }
}