{
  "stats": {
    "suites": 1,
    "tests": 2,
    "passes": 2,
    "pending": 0,
    "failures": 0,
    "start": "2023-02-15T15:58:15.671Z",
    "end": "2023-02-15T15:58:22.660Z",
    "duration": 6989,
    "testsRegistered": 2,
    "passPercent": 100,
    "pendingPercent": 0,
    "other": 0,
    "hasOther": false,
    "skipped": 0,
    "hasSkipped": false
  },
  "results": [
    {
      "uuid": "8f9a2635-8331-4ce5-b1ff-7a9ad9d7d368",
      "title": "",
      "fullFile": "cypress\\e2e\\testScripts\\VerifyCheckoutPage.cy.js",
      "file": "cypress\\e2e\\testScripts\\VerifyCheckoutPage.cy.js",
      "beforeHooks": [],
      "afterHooks": [],
      "tests": [],
      "suites": [
        {
          "uuid": "305b9a79-e272-4b1a-95ea-569a820f1e9c",
          "title": "Provide user information in YOUR INFORMATION page",
          "fullFile": "",
          "file": "",
          "beforeHooks": [],
          "afterHooks": [],
          "tests": [
            {
              "title": "Validate landing page after selecting checkout button",
              "fullTitle": "Provide user information in YOUR INFORMATION page Validate landing page after selecting checkout button",
              "timedOut": null,
              "duration": 2069,
              "state": "passed",
              "speed": "fast",
              "pass": true,
              "fail": false,
              "pending": false,
              "context": null,
              "code": "loginPage.login(this.LoginData.userName, this.LoginData.password);\nhomePage.addproduct(this.homePageData.productname);\nshoppingCartContainer.clickCart();\nshoppingCartContainer.selectCheckOut();\ncheckoutPage.validateLandingPage();",
              "err": {},
              "uuid": "771675c7-c463-42ca-aa93-e140f1dd7a0f",
              "parentUUID": "305b9a79-e272-4b1a-95ea-569a820f1e9c",
              "isHook": false,
              "skipped": false
            },
            {
              "title": "Enter user information and Select continue button",
              "fullTitle": "Provide user information in YOUR INFORMATION page Enter user information and Select continue button",
              "timedOut": null,
              "duration": 2915,
              "state": "passed",
              "speed": "fast",
              "pass": true,
              "fail": false,
              "pending": false,
              "context": null,
              "code": "//cy.clearCookies();\nloginPage.login(this.LoginData.userName, this.LoginData.password);\nhomePage.addproduct(this.homePageData.productname);\nshoppingCartContainer.clickCart();\nshoppingCartContainer.selectCheckOut();\ncheckoutPage.validateLandingPage();\ncheckoutPage.enterUserInformation(this.checkoutPageData.firstName, this.checkoutPageData.lastName, this.checkoutPageData.postalCode);\ncheckoutPage.selectContinueButton();",
              "err": {},
              "uuid": "bcb52827-c276-4940-b2b6-fdafd2cb0e9b",
              "parentUUID": "305b9a79-e272-4b1a-95ea-569a820f1e9c",
              "isHook": false,
              "skipped": false
            }
          ],
          "suites": [],
          "passes": [
            "771675c7-c463-42ca-aa93-e140f1dd7a0f",
            "bcb52827-c276-4940-b2b6-fdafd2cb0e9b"
          ],
          "failures": [],
          "pending": [],
          "skipped": [],
          "duration": 4984,
          "root": false,
          "rootEmpty": false,
          "_timeout": 2000
        }
      ],
      "passes": [],
      "failures": [],
      "pending": [],
      "skipped": [],
      "duration": 0,
      "root": true,
      "rootEmpty": true,
      "_timeout": 2000
    }
  ],
  "meta": {
    "mocha": {
      "version": "7.0.1"
    },
    "mochawesome": {
      "options": {
        "quiet": false,
        "reportFilename": "mochawesome",
        "saveHtml": false,
        "saveJson": true,
        "consoleReporter": "spec",
        "useInlineDiffs": false,
        "code": true
      },
      "version": "7.1.3"
    },
    "marge": {
      "options": {
        "chats": true,
        "overwrite": false,
        "html": false,
        "json": true,
        "reportDir": "cypress/reports"
      },
      "version": "6.2.0"
    }
  }
}