{
  "stats": {
    "suites": 1,
    "tests": 2,
    "passes": 2,
    "pending": 0,
    "failures": 0,
    "start": "2023-02-15T13:11:04.276Z",
    "end": "2023-02-15T13:11:11.317Z",
    "duration": 7041,
    "testsRegistered": 2,
    "passPercent": 100,
    "pendingPercent": 0,
    "other": 0,
    "hasOther": false,
    "skipped": 0,
    "hasSkipped": false
  },
  "results": [
    {
      "uuid": "3caea26e-4afe-4931-9655-eb68ab0e8763",
      "title": "",
      "fullFile": "cypress\\e2e\\testScripts\\VerifyCheckoutPage.cy.js",
      "file": "cypress\\e2e\\testScripts\\VerifyCheckoutPage.cy.js",
      "beforeHooks": [],
      "afterHooks": [],
      "tests": [],
      "suites": [
        {
          "uuid": "e7aa6f4d-b9a2-433e-9531-cab31a38907c",
          "title": "Provide user information in YOUR INFORMATION page",
          "fullFile": "",
          "file": "",
          "beforeHooks": [],
          "afterHooks": [],
          "tests": [
            {
              "title": "Validate landing page after selecting checkout button",
              "fullTitle": "Provide user information in YOUR INFORMATION page Validate landing page after selecting checkout button",
              "timedOut": null,
              "duration": 2180,
              "state": "passed",
              "speed": "fast",
              "pass": true,
              "fail": false,
              "pending": false,
              "context": null,
              "code": "loginPage.login(this.LoginData.userName, this.LoginData.password);\nhomePage.addproduct(this.homePageData.productname);\nshoppingCartContainer.clickCart();\nshoppingCartContainer.selectCheckOut();\ncheckoutPage.validateLandingPage();",
              "err": {},
              "uuid": "3f2bc924-880e-44db-8586-489956f9d328",
              "parentUUID": "e7aa6f4d-b9a2-433e-9531-cab31a38907c",
              "isHook": false,
              "skipped": false
            },
            {
              "title": "Enter user information and Select continue button",
              "fullTitle": "Provide user information in YOUR INFORMATION page Enter user information and Select continue button",
              "timedOut": null,
              "duration": 2846,
              "state": "passed",
              "speed": "fast",
              "pass": true,
              "fail": false,
              "pending": false,
              "context": null,
              "code": "//cy.clearCookies();\nloginPage.login(this.LoginData.userName, this.LoginData.password);\nhomePage.addproduct(this.homePageData.productname);\nshoppingCartContainer.clickCart();\nshoppingCartContainer.selectCheckOut();\ncheckoutPage.validateLandingPage();\ncheckoutPage.enterUserInformation(this.checkoutPageData.firstName, this.checkoutPageData.lastName, this.checkoutPageData.postalCode);\ncheckoutPage.selectContinueButton();",
              "err": {},
              "uuid": "be38337c-45fb-4278-a8a7-5af2c3f7172e",
              "parentUUID": "e7aa6f4d-b9a2-433e-9531-cab31a38907c",
              "isHook": false,
              "skipped": false
            }
          ],
          "suites": [],
          "passes": [
            "3f2bc924-880e-44db-8586-489956f9d328",
            "be38337c-45fb-4278-a8a7-5af2c3f7172e"
          ],
          "failures": [],
          "pending": [],
          "skipped": [],
          "duration": 5026,
          "root": false,
          "rootEmpty": false,
          "_timeout": 2000
        }
      ],
      "passes": [],
      "failures": [],
      "pending": [],
      "skipped": [],
      "duration": 0,
      "root": true,
      "rootEmpty": true,
      "_timeout": 2000
    }
  ],
  "meta": {
    "mocha": {
      "version": "7.0.1"
    },
    "mochawesome": {
      "options": {
        "quiet": false,
        "reportFilename": "mochawesome",
        "saveHtml": false,
        "saveJson": true,
        "consoleReporter": "spec",
        "useInlineDiffs": false,
        "code": true
      },
      "version": "7.1.3"
    },
    "marge": {
      "options": {
        "chats": true,
        "overwrite": false,
        "html": false,
        "json": true,
        "reportDir": "cypress/reports"
      },
      "version": "6.2.0"
    }
  }
}