{
  "stats": {
    "suites": 1,
    "tests": 1,
    "passes": 1,
    "pending": 0,
    "failures": 0,
    "start": "2023-02-16T13:08:51.250Z",
    "end": "2023-02-16T13:08:59.284Z",
    "duration": 8034,
    "testsRegistered": 1,
    "passPercent": 100,
    "pendingPercent": 0,
    "other": 0,
    "hasOther": false,
    "skipped": 0,
    "hasSkipped": false
  },
  "results": [
    {
      "uuid": "51dce553-2a99-4858-af6b-6499f6a7d98e",
      "title": "",
      "fullFile": "cypress\\e2e\\testScripts\\VerifyCheckoutCompletePage.cy.js",
      "file": "cypress\\e2e\\testScripts\\VerifyCheckoutCompletePage.cy.js",
      "beforeHooks": [],
      "afterHooks": [],
      "tests": [],
      "suites": [
        {
          "uuid": "9ef3508b-5895-443a-be68-f08836edc62f",
          "title": "Verify the checkout completion page's order success message.",
          "fullFile": "",
          "file": "",
          "beforeHooks": [],
          "afterHooks": [],
          "tests": [
            {
              "title": "Verify the success message and select 'Back Home' button",
              "fullTitle": "Verify the checkout completion page's order success message. Verify the success message and select 'Back Home' button",
              "timedOut": null,
              "duration": 5171,
              "state": "passed",
              "speed": "medium",
              "pass": true,
              "fail": false,
              "pending": false,
              "context": null,
              "code": "loginPage.login(this.LoginData.userName, this.LoginData.password);\nhomePage.addproduct(this.homePageData.productname);\nshoppingCartContainer.clickCart();\nshoppingCartContainer.selectCheckOut();\ncheckoutPage.enterUserInformation(this.checkoutPageData.firstName, this.checkoutPageData.lastName, this.checkoutPageData.postalCode);\ncheckoutPage.selectContinueButton();\noverviewPage.calculateProductTotal();\noverviewPage.selectFinish();\ncompletePage.validateCompleteMessage(this.completePageData.completeText);\ncompletePage.selectBackHome();",
              "err": {},
              "uuid": "39b2bbb2-da63-4a06-9a1a-34654b22d49c",
              "parentUUID": "9ef3508b-5895-443a-be68-f08836edc62f",
              "isHook": false,
              "skipped": false
            }
          ],
          "suites": [],
          "passes": [
            "39b2bbb2-da63-4a06-9a1a-34654b22d49c"
          ],
          "failures": [],
          "pending": [],
          "skipped": [],
          "duration": 5171,
          "root": false,
          "rootEmpty": false,
          "_timeout": 2000
        }
      ],
      "passes": [],
      "failures": [],
      "pending": [],
      "skipped": [],
      "duration": 0,
      "root": true,
      "rootEmpty": true,
      "_timeout": 2000
    }
  ],
  "meta": {
    "mocha": {
      "version": "7.0.1"
    },
    "mochawesome": {
      "options": {
        "quiet": false,
        "reportFilename": "mochawesome",
        "saveHtml": false,
        "saveJson": true,
        "consoleReporter": "spec",
        "useInlineDiffs": false,
        "code": true
      },
      "version": "7.1.3"
    },
    "marge": {
      "options": {
        "chats": true,
        "overwrite": false,
        "html": false,
        "json": true,
        "reportDir": "cypress/reports"
      },
      "version": "6.2.0"
    }
  }
}