{
  "stats": {
    "suites": 1,
    "tests": 2,
    "passes": 2,
    "pending": 0,
    "failures": 0,
    "start": "2023-02-15T13:11:17.924Z",
    "end": "2023-02-15T13:11:23.458Z",
    "duration": 5534,
    "testsRegistered": 2,
    "passPercent": 100,
    "pendingPercent": 0,
    "other": 0,
    "hasOther": false,
    "skipped": 0,
    "hasSkipped": false
  },
  "results": [
    {
      "uuid": "7ea8898b-5bb2-4bb0-9c17-1463e0d77bb7",
      "title": "",
      "fullFile": "cypress\\e2e\\testScripts\\VerifyHomePage.cy.js",
      "file": "cypress\\e2e\\testScripts\\VerifyHomePage.cy.js",
      "beforeHooks": [],
      "afterHooks": [],
      "tests": [],
      "suites": [
        {
          "uuid": "b0846b55-7bb0-4de6-b5f8-e90a3417345d",
          "title": "Add products to the cart",
          "fullFile": "",
          "file": "",
          "beforeHooks": [],
          "afterHooks": [],
          "tests": [
            {
              "title": "Validate Home landing page after login",
              "fullTitle": "Add products to the cart Validate Home landing page after login",
              "timedOut": null,
              "duration": 1453,
              "state": "passed",
              "speed": "fast",
              "pass": true,
              "fail": false,
              "pending": false,
              "context": null,
              "code": "login.login(this.LoginData.userName, this.LoginData.password);\nhomePage.validateHomePage();",
              "err": {},
              "uuid": "e59b4ebc-db6a-4eda-a580-c66051a456e1",
              "parentUUID": "b0846b55-7bb0-4de6-b5f8-e90a3417345d",
              "isHook": false,
              "skipped": false
            },
            {
              "title": "Add product to cart",
              "fullTitle": "Add products to the cart Add product to cart",
              "timedOut": null,
              "duration": 2007,
              "state": "passed",
              "speed": "fast",
              "pass": true,
              "fail": false,
              "pending": false,
              "context": null,
              "code": "login.login(this.LoginData.userName, this.LoginData.password);\n//cy.Login(this.LoginData.userName, this.LoginData.password); \nhomePage.addproduct(this.homePageData.productname);",
              "err": {},
              "uuid": "cc028c45-e75b-47e7-8411-22bc71cfb59c",
              "parentUUID": "b0846b55-7bb0-4de6-b5f8-e90a3417345d",
              "isHook": false,
              "skipped": false
            }
          ],
          "suites": [],
          "passes": [
            "e59b4ebc-db6a-4eda-a580-c66051a456e1",
            "cc028c45-e75b-47e7-8411-22bc71cfb59c"
          ],
          "failures": [],
          "pending": [],
          "skipped": [],
          "duration": 3460,
          "root": false,
          "rootEmpty": false,
          "_timeout": 2000
        }
      ],
      "passes": [],
      "failures": [],
      "pending": [],
      "skipped": [],
      "duration": 0,
      "root": true,
      "rootEmpty": true,
      "_timeout": 2000
    }
  ],
  "meta": {
    "mocha": {
      "version": "7.0.1"
    },
    "mochawesome": {
      "options": {
        "quiet": false,
        "reportFilename": "mochawesome",
        "saveHtml": false,
        "saveJson": true,
        "consoleReporter": "spec",
        "useInlineDiffs": false,
        "code": true
      },
      "version": "7.1.3"
    },
    "marge": {
      "options": {
        "chats": true,
        "overwrite": false,
        "html": false,
        "json": true,
        "reportDir": "cypress/reports"
      },
      "version": "6.2.0"
    }
  }
}