{
  "stats": {
    "suites": 1,
    "tests": 2,
    "passes": 2,
    "pending": 0,
    "failures": 0,
    "start": "2023-02-15T15:44:16.972Z",
    "end": "2023-02-15T15:44:21.938Z",
    "duration": 4966,
    "testsRegistered": 2,
    "passPercent": 100,
    "pendingPercent": 0,
    "other": 0,
    "hasOther": false,
    "skipped": 0,
    "hasSkipped": false
  },
  "results": [
    {
      "uuid": "af79d835-480e-480f-bc46-7fcdcb5210cd",
      "title": "",
      "fullFile": "cypress\\e2e\\testScripts\\VerifyHomePage.cy.js",
      "file": "cypress\\e2e\\testScripts\\VerifyHomePage.cy.js",
      "beforeHooks": [],
      "afterHooks": [],
      "tests": [],
      "suites": [
        {
          "uuid": "82c988d3-2a6b-495d-834a-6177d22e6a64",
          "title": "Add products to the cart",
          "fullFile": "",
          "file": "",
          "beforeHooks": [],
          "afterHooks": [],
          "tests": [
            {
              "title": "Validate Home landing page after login",
              "fullTitle": "Add products to the cart Validate Home landing page after login",
              "timedOut": null,
              "duration": 1347,
              "state": "passed",
              "speed": "fast",
              "pass": true,
              "fail": false,
              "pending": false,
              "context": null,
              "code": "login.login(this.LoginData.userName, this.LoginData.password);\nhomePage.validateHomePage();",
              "err": {},
              "uuid": "79de4e8a-d523-4879-b899-fee326c0416c",
              "parentUUID": "82c988d3-2a6b-495d-834a-6177d22e6a64",
              "isHook": false,
              "skipped": false
            },
            {
              "title": "Add product to cart",
              "fullTitle": "Add products to the cart Add product to cart",
              "timedOut": null,
              "duration": 1903,
              "state": "passed",
              "speed": "fast",
              "pass": true,
              "fail": false,
              "pending": false,
              "context": null,
              "code": "login.login(this.LoginData.userName, this.LoginData.password);\n//cy.Login(this.LoginData.userName, this.LoginData.password); \nhomePage.addproduct(this.homePageData.productname);",
              "err": {},
              "uuid": "4a1f4e43-bbb2-464b-9e6d-b03d21d53d2c",
              "parentUUID": "82c988d3-2a6b-495d-834a-6177d22e6a64",
              "isHook": false,
              "skipped": false
            }
          ],
          "suites": [],
          "passes": [
            "79de4e8a-d523-4879-b899-fee326c0416c",
            "4a1f4e43-bbb2-464b-9e6d-b03d21d53d2c"
          ],
          "failures": [],
          "pending": [],
          "skipped": [],
          "duration": 3250,
          "root": false,
          "rootEmpty": false,
          "_timeout": 2000
        }
      ],
      "passes": [],
      "failures": [],
      "pending": [],
      "skipped": [],
      "duration": 0,
      "root": true,
      "rootEmpty": true,
      "_timeout": 2000
    }
  ],
  "meta": {
    "mocha": {
      "version": "7.0.1"
    },
    "mochawesome": {
      "options": {
        "quiet": false,
        "reportFilename": "mochawesome",
        "saveHtml": false,
        "saveJson": true,
        "consoleReporter": "spec",
        "useInlineDiffs": false,
        "code": true
      },
      "version": "7.1.3"
    },
    "marge": {
      "options": {
        "chats": true,
        "overwrite": false,
        "html": false,
        "json": true,
        "reportDir": "cypress/reports"
      },
      "version": "6.2.0"
    }
  }
}